Mon, 12 Jun 2017 16:43:12 price_crawling_v1.py[line:67] INFO 从数据库读取出6条数据, 共计抓取12条url...
Mon, 12 Jun 2017 16:43:12 price_crawling_v1.py[line:27] INFO 站点: 天猫 执行抓取: https://detail.tmall.com/item.htm?spm=a1z10.5-b-s.w4011-14537059439.82.ozaGZ9&id=524731779454&rn=4579a4bae2974ab926884b8ea8bf2720&abbucket=19&skuId=3202441598340
Mon, 12 Jun 2017 16:43:15 price_crawling_v1.py[line:44] ERROR 下载该页面失败,错误详情:
Mon, 12 Jun 2017 16:43:15 price_crawling_v1.py[line:45] ERROR Message: no such element: Unable to locate element: {"method":"css selector","selector":".tm-promo-price .tm-price"}
  (Session info: chrome=59.0.3071.86)
  (Driver info: chromedriver=2.30.477690 (c53f4ad87510ee97b5c3425a14c0e79780cdf262),platform=Mac OS X 10.12.4 x86_64)

Mon, 12 Jun 2017 16:43:15 price_crawling_v1.py[line:27] INFO 站点: 京东 执行抓取: https://item.jd.com/2011979.html#crumb-wrap
Mon, 12 Jun 2017 16:43:16 price_crawling_v1.py[line:27] INFO 站点: 天猫 执行抓取: https://detail.tmall.com/item.htm?spm=a1z10.3-b-s.w4011-14537059442.55.KM5Czm&id=545635785617&rn=880bfdd53459bfb77e0cfb94eedfb53c&abbucket=19&skuId=3457268762526
Mon, 12 Jun 2017 16:43:17 price_crawling_v1.py[line:27] INFO 站点: 京东 执行抓取: https://item.jd.com/4167780.html
Mon, 12 Jun 2017 16:43:20 price_crawling_v1.py[line:27] INFO 站点: 天猫 执行抓取: https://detail.tmall.com/item.htm?spm=a1z10.5-b-s.w4011-14537059439.109.ozaGZ9&id=544084297162&rn=4579a4bae2974ab926884b8ea8bf2720&abbucket=19&skuId=3276718760770
Mon, 12 Jun 2017 16:43:22 price_crawling_v1.py[line:27] INFO 站点: 京东 执行抓取: https://item.jd.com/3701943.html#crumb-wrap
Mon, 12 Jun 2017 16:43:23 price_crawling_v1.py[line:27] INFO 站点: 天猫 执行抓取: https://detail.tmall.com/item.htm?spm=a1z10.5-b-s.w4011-14537059439.115.ozaGZ9&id=544115487536&rn=4579a4bae2974ab926884b8ea8bf2720&abbucket=19&skuId=3276935441156
Mon, 12 Jun 2017 16:43:24 price_crawling_v1.py[line:27] INFO 站点: 京东 执行抓取: https://item.jd.com/3701897.html#crumb-wrap
Mon, 12 Jun 2017 16:43:26 price_crawling_v1.py[line:27] INFO 站点: 天猫 执行抓取: https://detail.tmall.com/item.htm?spm=a1z10.5-b-s.w4011-14537059439.124.ozaGZ9&id=544115067316&rn=4579a4bae2974ab926884b8ea8bf2720&abbucket=19&skuId=3440954403634
Mon, 12 Jun 2017 16:43:27 price_crawling_v1.py[line:27] INFO 站点: 京东 执行抓取: https://item.jd.com/4132930.html#crumb-wrap
Mon, 12 Jun 2017 16:43:29 price_crawling_v1.py[line:27] INFO 站点: 天猫 执行抓取: https://detail.tmall.com/item.htm?spm=a1z10.5-b-s.w4011-14537059439.133.ozaGZ9&id=544108459566&rn=4579a4bae2974ab926884b8ea8bf2720&abbucket=19&skuId=3440888859309
Mon, 12 Jun 2017 16:43:30 price_crawling_v1.py[line:27] INFO 站点: 京东 执行抓取: https://item.jd.com/4132882.html#crumb-wrap
Mon, 12 Jun 2017 16:43:31 price_crawling_v1.py[line:76] INFO 程序执行完毕...
Mon, 12 Jun 2017 16:44:44 price_crawling_v1.py[line:67] INFO 从数据库读取出6条数据, 共计抓取12条url...
Mon, 12 Jun 2017 16:44:44 price_crawling_v1.py[line:27] INFO 站点: 天猫 执行抓取: https://detail.tmall.com/item.htm?spm=a1z10.5-b-s.w4011-14537059439.82.ozaGZ9&id=524731779454&rn=4579a4bae2974ab926884b8ea8bf2720&abbucket=19&skuId=3202441598340
Mon, 12 Jun 2017 16:44:46 price_crawling_v1.py[line:44] ERROR 下载该页面失败,错误详情:
Mon, 12 Jun 2017 16:44:46 price_crawling_v1.py[line:45] ERROR Message: no such element: Unable to locate element: {"method":"css selector","selector":".tm-promo-price .tm-price"}
  (Session info: chrome=59.0.3071.86)
  (Driver info: chromedriver=2.30.477690 (c53f4ad87510ee97b5c3425a14c0e79780cdf262),platform=Mac OS X 10.12.4 x86_64)

Mon, 12 Jun 2017 16:44:46 price_crawling_v1.py[line:27] INFO 站点: 京东 执行抓取: https://item.jd.com/2011979.html#crumb-wrap
Mon, 12 Jun 2017 16:44:48 price_crawling_v1.py[line:44] ERROR 下载该页面失败,错误详情:
Mon, 12 Jun 2017 16:44:48 price_crawling_v1.py[line:45] ERROR 'ascii' codec can't decode byte 0xe4 in position 0: ordinal not in range(128)
Mon, 12 Jun 2017 16:44:48 price_crawling_v1.py[line:27] INFO 站点: 天猫 执行抓取: https://detail.tmall.com/item.htm?spm=a1z10.3-b-s.w4011-14537059442.55.KM5Czm&id=545635785617&rn=880bfdd53459bfb77e0cfb94eedfb53c&abbucket=19&skuId=3457268762526
Mon, 12 Jun 2017 16:44:49 price_crawling_v1.py[line:44] ERROR 下载该页面失败,错误详情:
Mon, 12 Jun 2017 16:44:49 price_crawling_v1.py[line:45] ERROR 'ascii' codec can't decode byte 0xe5 in position 0: ordinal not in range(128)
Mon, 12 Jun 2017 16:44:49 price_crawling_v1.py[line:27] INFO 站点: 京东 执行抓取: https://item.jd.com/4167780.html
Mon, 12 Jun 2017 16:44:51 price_crawling_v1.py[line:44] ERROR 下载该页面失败,错误详情:
Mon, 12 Jun 2017 16:44:51 price_crawling_v1.py[line:45] ERROR 'ascii' codec can't decode byte 0xe4 in position 0: ordinal not in range(128)
Mon, 12 Jun 2017 16:44:51 price_crawling_v1.py[line:27] INFO 站点: 天猫 执行抓取: https://detail.tmall.com/item.htm?spm=a1z10.5-b-s.w4011-14537059439.109.ozaGZ9&id=544084297162&rn=4579a4bae2974ab926884b8ea8bf2720&abbucket=19&skuId=3276718760770
Mon, 12 Jun 2017 16:44:53 price_crawling_v1.py[line:44] ERROR 下载该页面失败,错误详情:
Mon, 12 Jun 2017 16:44:53 price_crawling_v1.py[line:45] ERROR 'ascii' codec can't decode byte 0xe5 in position 0: ordinal not in range(128)
Mon, 12 Jun 2017 16:44:53 price_crawling_v1.py[line:27] INFO 站点: 京东 执行抓取: https://item.jd.com/3701943.html#crumb-wrap
Mon, 12 Jun 2017 16:44:55 price_crawling_v1.py[line:44] ERROR 下载该页面失败,错误详情:
Mon, 12 Jun 2017 16:44:55 price_crawling_v1.py[line:45] ERROR 'ascii' codec can't decode byte 0xe4 in position 0: ordinal not in range(128)
Mon, 12 Jun 2017 16:44:55 price_crawling_v1.py[line:27] INFO 站点: 天猫 执行抓取: https://detail.tmall.com/item.htm?spm=a1z10.5-b-s.w4011-14537059439.115.ozaGZ9&id=544115487536&rn=4579a4bae2974ab926884b8ea8bf2720&abbucket=19&skuId=3276935441156
Mon, 12 Jun 2017 16:44:56 price_crawling_v1.py[line:44] ERROR 下载该页面失败,错误详情:
Mon, 12 Jun 2017 16:44:56 price_crawling_v1.py[line:45] ERROR 'ascii' codec can't decode byte 0xe5 in position 0: ordinal not in range(128)
Mon, 12 Jun 2017 16:44:56 price_crawling_v1.py[line:27] INFO 站点: 京东 执行抓取: https://item.jd.com/3701897.html#crumb-wrap
Mon, 12 Jun 2017 16:44:58 price_crawling_v1.py[line:44] ERROR 下载该页面失败,错误详情:
Mon, 12 Jun 2017 16:44:58 price_crawling_v1.py[line:45] ERROR 'ascii' codec can't decode byte 0xe4 in position 0: ordinal not in range(128)
Mon, 12 Jun 2017 16:44:58 price_crawling_v1.py[line:27] INFO 站点: 天猫 执行抓取: https://detail.tmall.com/item.htm?spm=a1z10.5-b-s.w4011-14537059439.124.ozaGZ9&id=544115067316&rn=4579a4bae2974ab926884b8ea8bf2720&abbucket=19&skuId=3440954403634
Mon, 12 Jun 2017 16:44:59 price_crawling_v1.py[line:44] ERROR 下载该页面失败,错误详情:
Mon, 12 Jun 2017 16:44:59 price_crawling_v1.py[line:45] ERROR 'ascii' codec can't decode byte 0xe5 in position 0: ordinal not in range(128)
Mon, 12 Jun 2017 16:44:59 price_crawling_v1.py[line:27] INFO 站点: 京东 执行抓取: https://item.jd.com/4132930.html#crumb-wrap
Mon, 12 Jun 2017 16:45:00 price_crawling_v1.py[line:44] ERROR 下载该页面失败,错误详情:
Mon, 12 Jun 2017 16:45:00 price_crawling_v1.py[line:45] ERROR 'ascii' codec can't decode byte 0xe4 in position 0: ordinal not in range(128)
Mon, 12 Jun 2017 16:45:00 price_crawling_v1.py[line:27] INFO 站点: 天猫 执行抓取: https://detail.tmall.com/item.htm?spm=a1z10.5-b-s.w4011-14537059439.133.ozaGZ9&id=544108459566&rn=4579a4bae2974ab926884b8ea8bf2720&abbucket=19&skuId=3440888859309
Mon, 12 Jun 2017 16:45:01 price_crawling_v1.py[line:44] ERROR 下载该页面失败,错误详情:
Mon, 12 Jun 2017 16:45:01 price_crawling_v1.py[line:45] ERROR 'ascii' codec can't decode byte 0xe5 in position 0: ordinal not in range(128)
Mon, 12 Jun 2017 16:45:01 price_crawling_v1.py[line:27] INFO 站点: 京东 执行抓取: https://item.jd.com/4132882.html#crumb-wrap
Mon, 12 Jun 2017 16:45:03 price_crawling_v1.py[line:44] ERROR 下载该页面失败,错误详情:
Mon, 12 Jun 2017 16:45:03 price_crawling_v1.py[line:45] ERROR 'ascii' codec can't decode byte 0xe4 in position 0: ordinal not in range(128)
Mon, 12 Jun 2017 16:45:03 price_crawling_v1.py[line:77] INFO 程序执行完毕...
Mon, 12 Jun 2017 16:47:21 price_crawling_v1.py[line:69] INFO 从数据库读取出6条数据, 共计抓取12条url...
Mon, 12 Jun 2017 16:47:21 price_crawling_v1.py[line:27] INFO 站点: 天猫 执行抓取: https://detail.tmall.com/item.htm?spm=a1z10.5-b-s.w4011-14537059439.82.ozaGZ9&id=524731779454&rn=4579a4bae2974ab926884b8ea8bf2720&abbucket=19&skuId=3202441598340
Mon, 12 Jun 2017 16:47:23 price_crawling_v1.py[line:46] ERROR 下载该页面失败,错误详情:
Mon, 12 Jun 2017 16:47:23 price_crawling_v1.py[line:47] ERROR Message: no such element: Unable to locate element: {"method":"css selector","selector":".tm-promo-price .tm-price"}
  (Session info: chrome=59.0.3071.86)
  (Driver info: chromedriver=2.30.477690 (c53f4ad87510ee97b5c3425a14c0e79780cdf262),platform=Mac OS X 10.12.4 x86_64)

Mon, 12 Jun 2017 16:47:23 price_crawling_v1.py[line:27] INFO 站点: 京东 执行抓取: https://item.jd.com/2011979.html#crumb-wrap
Mon, 12 Jun 2017 16:47:27 price_crawling_v1.py[line:46] ERROR 下载该页面失败,错误详情:
Mon, 12 Jun 2017 16:47:27 price_crawling_v1.py[line:47] ERROR 'ascii' codec can't decode byte 0xe4 in position 0: ordinal not in range(128)
Mon, 12 Jun 2017 16:47:27 price_crawling_v1.py[line:27] INFO 站点: 天猫 执行抓取: https://detail.tmall.com/item.htm?spm=a1z10.3-b-s.w4011-14537059442.55.KM5Czm&id=545635785617&rn=880bfdd53459bfb77e0cfb94eedfb53c&abbucket=19&skuId=3457268762526
Mon, 12 Jun 2017 16:47:29 price_crawling_v1.py[line:46] ERROR 下载该页面失败,错误详情:
Mon, 12 Jun 2017 16:47:29 price_crawling_v1.py[line:47] ERROR Message: no such element: Unable to locate element: {"method":"css selector","selector":".tm-promo-price .tm-price"}
  (Session info: chrome=59.0.3071.86)
  (Driver info: chromedriver=2.30.477690 (c53f4ad87510ee97b5c3425a14c0e79780cdf262),platform=Mac OS X 10.12.4 x86_64)

Mon, 12 Jun 2017 16:47:29 price_crawling_v1.py[line:27] INFO 站点: 京东 执行抓取: https://item.jd.com/4167780.html
Mon, 12 Jun 2017 16:47:34 price_crawling_v1.py[line:46] ERROR 下载该页面失败,错误详情:
Mon, 12 Jun 2017 16:47:34 price_crawling_v1.py[line:47] ERROR 'ascii' codec can't decode byte 0xe4 in position 0: ordinal not in range(128)
Mon, 12 Jun 2017 16:47:34 price_crawling_v1.py[line:27] INFO 站点: 天猫 执行抓取: https://detail.tmall.com/item.htm?spm=a1z10.5-b-s.w4011-14537059439.109.ozaGZ9&id=544084297162&rn=4579a4bae2974ab926884b8ea8bf2720&abbucket=19&skuId=3276718760770
Mon, 12 Jun 2017 16:47:36 price_crawling_v1.py[line:46] ERROR 下载该页面失败,错误详情:
Mon, 12 Jun 2017 16:47:36 price_crawling_v1.py[line:47] ERROR Message: no such element: Unable to locate element: {"method":"css selector","selector":".tm-promo-price .tm-price"}
  (Session info: chrome=59.0.3071.86)
  (Driver info: chromedriver=2.30.477690 (c53f4ad87510ee97b5c3425a14c0e79780cdf262),platform=Mac OS X 10.12.4 x86_64)

Mon, 12 Jun 2017 16:47:36 price_crawling_v1.py[line:27] INFO 站点: 京东 执行抓取: https://item.jd.com/3701943.html#crumb-wrap
Mon, 12 Jun 2017 16:47:38 price_crawling_v1.py[line:46] ERROR 下载该页面失败,错误详情:
Mon, 12 Jun 2017 16:47:38 price_crawling_v1.py[line:47] ERROR 'ascii' codec can't decode byte 0xe4 in position 0: ordinal not in range(128)
Mon, 12 Jun 2017 16:47:38 price_crawling_v1.py[line:27] INFO 站点: 天猫 执行抓取: https://detail.tmall.com/item.htm?spm=a1z10.5-b-s.w4011-14537059439.115.ozaGZ9&id=544115487536&rn=4579a4bae2974ab926884b8ea8bf2720&abbucket=19&skuId=3276935441156
Mon, 12 Jun 2017 16:47:40 price_crawling_v1.py[line:46] ERROR 下载该页面失败,错误详情:
Mon, 12 Jun 2017 16:47:40 price_crawling_v1.py[line:47] ERROR Message: no such element: Unable to locate element: {"method":"css selector","selector":".tm-promo-price .tm-price"}
  (Session info: chrome=59.0.3071.86)
  (Driver info: chromedriver=2.30.477690 (c53f4ad87510ee97b5c3425a14c0e79780cdf262),platform=Mac OS X 10.12.4 x86_64)

Mon, 12 Jun 2017 16:47:40 price_crawling_v1.py[line:27] INFO 站点: 京东 执行抓取: https://item.jd.com/3701897.html#crumb-wrap
Mon, 12 Jun 2017 16:47:41 price_crawling_v1.py[line:46] ERROR 下载该页面失败,错误详情:
Mon, 12 Jun 2017 16:47:41 price_crawling_v1.py[line:47] ERROR 'ascii' codec can't decode byte 0xe4 in position 0: ordinal not in range(128)
Mon, 12 Jun 2017 16:47:41 price_crawling_v1.py[line:27] INFO 站点: 天猫 执行抓取: https://detail.tmall.com/item.htm?spm=a1z10.5-b-s.w4011-14537059439.124.ozaGZ9&id=544115067316&rn=4579a4bae2974ab926884b8ea8bf2720&abbucket=19&skuId=3440954403634
Mon, 12 Jun 2017 16:47:44 price_crawling_v1.py[line:46] ERROR 下载该页面失败,错误详情:
Mon, 12 Jun 2017 16:47:44 price_crawling_v1.py[line:47] ERROR Message: no such element: Unable to locate element: {"method":"css selector","selector":".tm-promo-price .tm-price"}
  (Session info: chrome=59.0.3071.86)
  (Driver info: chromedriver=2.30.477690 (c53f4ad87510ee97b5c3425a14c0e79780cdf262),platform=Mac OS X 10.12.4 x86_64)

Mon, 12 Jun 2017 16:47:44 price_crawling_v1.py[line:27] INFO 站点: 京东 执行抓取: https://item.jd.com/4132930.html#crumb-wrap
Mon, 12 Jun 2017 16:47:45 price_crawling_v1.py[line:46] ERROR 下载该页面失败,错误详情:
Mon, 12 Jun 2017 16:47:45 price_crawling_v1.py[line:47] ERROR 'ascii' codec can't decode byte 0xe4 in position 0: ordinal not in range(128)
Mon, 12 Jun 2017 16:47:45 price_crawling_v1.py[line:27] INFO 站点: 天猫 执行抓取: https://detail.tmall.com/item.htm?spm=a1z10.5-b-s.w4011-14537059439.133.ozaGZ9&id=544108459566&rn=4579a4bae2974ab926884b8ea8bf2720&abbucket=19&skuId=3440888859309
Mon, 12 Jun 2017 16:47:47 price_crawling_v1.py[line:46] ERROR 下载该页面失败,错误详情:
Mon, 12 Jun 2017 16:47:47 price_crawling_v1.py[line:47] ERROR Message: no such element: Unable to locate element: {"method":"css selector","selector":".tm-promo-price .tm-price"}
  (Session info: chrome=59.0.3071.86)
  (Driver info: chromedriver=2.30.477690 (c53f4ad87510ee97b5c3425a14c0e79780cdf262),platform=Mac OS X 10.12.4 x86_64)

Mon, 12 Jun 2017 16:47:47 price_crawling_v1.py[line:27] INFO 站点: 京东 执行抓取: https://item.jd.com/4132882.html#crumb-wrap
Mon, 12 Jun 2017 16:47:48 price_crawling_v1.py[line:46] ERROR 下载该页面失败,错误详情:
Mon, 12 Jun 2017 16:47:48 price_crawling_v1.py[line:47] ERROR 'ascii' codec can't decode byte 0xe4 in position 0: ordinal not in range(128)
Mon, 12 Jun 2017 16:47:49 price_crawling_v1.py[line:79] INFO 程序执行完毕...
Mon, 12 Jun 2017 16:49:05 price_crawling_v1.py[line:69] INFO 从数据库读取出6条数据, 共计抓取12条url...
Mon, 12 Jun 2017 16:49:05 price_crawling_v1.py[line:27] INFO 站点: 天猫 执行抓取: https://detail.tmall.com/item.htm?spm=a1z10.5-b-s.w4011-14537059439.82.ozaGZ9&id=524731779454&rn=4579a4bae2974ab926884b8ea8bf2720&abbucket=19&skuId=3202441598340
Mon, 12 Jun 2017 16:49:09 price_crawling_v1.py[line:46] ERROR 下载该页面失败,错误详情:
Mon, 12 Jun 2017 16:49:09 price_crawling_v1.py[line:47] ERROR Message: no such element: Unable to locate element: {"method":"css selector","selector":".tm-promo-price .tm-price"}
  (Session info: chrome=59.0.3071.86)
  (Driver info: chromedriver=2.30.477690 (c53f4ad87510ee97b5c3425a14c0e79780cdf262),platform=Mac OS X 10.12.4 x86_64)

Mon, 12 Jun 2017 16:49:09 price_crawling_v1.py[line:27] INFO 站点: 京东 执行抓取: https://item.jd.com/2011979.html#crumb-wrap
Mon, 12 Jun 2017 16:49:12 price_crawling_v1.py[line:43] INFO 京东价格: 459.00
Mon, 12 Jun 2017 16:49:12 price_crawling_v1.py[line:27] INFO 站点: 天猫 执行抓取: https://detail.tmall.com/item.htm?spm=a1z10.3-b-s.w4011-14537059442.55.KM5Czm&id=545635785617&rn=880bfdd53459bfb77e0cfb94eedfb53c&abbucket=19&skuId=3457268762526
Mon, 12 Jun 2017 16:49:13 price_crawling_v1.py[line:37] INFO 天猫价格: 829.00
Mon, 12 Jun 2017 16:49:13 price_crawling_v1.py[line:27] INFO 站点: 京东 执行抓取: https://item.jd.com/4167780.html
Mon, 12 Jun 2017 16:49:18 price_crawling_v1.py[line:43] INFO 京东价格: 829.00
Mon, 12 Jun 2017 16:49:18 price_crawling_v1.py[line:27] INFO 站点: 天猫 执行抓取: https://detail.tmall.com/item.htm?spm=a1z10.5-b-s.w4011-14537059439.109.ozaGZ9&id=544084297162&rn=4579a4bae2974ab926884b8ea8bf2720&abbucket=19&skuId=3276718760770
Mon, 12 Jun 2017 16:49:19 price_crawling_v1.py[line:37] INFO 天猫价格: 1479.00
Mon, 12 Jun 2017 16:49:19 price_crawling_v1.py[line:27] INFO 站点: 京东 执行抓取: https://item.jd.com/3701943.html#crumb-wrap
Mon, 12 Jun 2017 16:49:21 price_crawling_v1.py[line:43] INFO 京东价格: 1479.00
Mon, 12 Jun 2017 16:49:21 price_crawling_v1.py[line:27] INFO 站点: 天猫 执行抓取: https://detail.tmall.com/item.htm?spm=a1z10.5-b-s.w4011-14537059439.115.ozaGZ9&id=544115487536&rn=4579a4bae2974ab926884b8ea8bf2720&abbucket=19&skuId=3276935441156
Mon, 12 Jun 2017 16:49:22 price_crawling_v1.py[line:37] INFO 天猫价格: 1749.00
Mon, 12 Jun 2017 16:49:22 price_crawling_v1.py[line:27] INFO 站点: 京东 执行抓取: https://item.jd.com/3701897.html#crumb-wrap
Mon, 12 Jun 2017 16:49:24 price_crawling_v1.py[line:43] INFO 京东价格: 1699.00
Mon, 12 Jun 2017 16:49:24 price_crawling_v1.py[line:27] INFO 站点: 天猫 执行抓取: https://detail.tmall.com/item.htm?spm=a1z10.5-b-s.w4011-14537059439.124.ozaGZ9&id=544115067316&rn=4579a4bae2974ab926884b8ea8bf2720&abbucket=19&skuId=3440954403634
Mon, 12 Jun 2017 16:49:25 price_crawling_v1.py[line:37] INFO 天猫价格: 2349.00
Mon, 12 Jun 2017 16:49:25 price_crawling_v1.py[line:27] INFO 站点: 京东 执行抓取: https://item.jd.com/4132930.html#crumb-wrap
Mon, 12 Jun 2017 16:49:45 price_crawling_v1.py[line:43] INFO 京东价格: 2349.00
Mon, 12 Jun 2017 16:49:45 price_crawling_v1.py[line:27] INFO 站点: 天猫 执行抓取: https://detail.tmall.com/item.htm?spm=a1z10.5-b-s.w4011-14537059439.133.ozaGZ9&id=544108459566&rn=4579a4bae2974ab926884b8ea8bf2720&abbucket=19&skuId=3440888859309
Mon, 12 Jun 2017 16:49:47 price_crawling_v1.py[line:37] INFO 天猫价格: 2649.00
Mon, 12 Jun 2017 16:49:47 price_crawling_v1.py[line:27] INFO 站点: 京东 执行抓取: https://item.jd.com/4132882.html#crumb-wrap
Mon, 12 Jun 2017 16:49:48 price_crawling_v1.py[line:43] INFO 京东价格: 2649.00
Mon, 12 Jun 2017 16:49:48 price_crawling_v1.py[line:79] INFO 程序执行完毕...
Mon, 12 Jun 2017 17:00:55 price_crawling_v1.py[line:75] INFO 从数据库读取出6条数据, 共计抓取12条url...
Mon, 12 Jun 2017 17:00:55 price_crawling_v1.py[line:27] INFO 站点: 天猫 执行抓取: https://detail.tmall.com/item.htm?spm=a1z10.5-b-s.w4011-14537059439.82.ozaGZ9&id=524731779454&rn=4579a4bae2974ab926884b8ea8bf2720&abbucket=19&skuId=3202441598340
Mon, 12 Jun 2017 17:00:58 price_crawling_v1.py[line:47] ERROR 下载该页面失败,错误详情:
Mon, 12 Jun 2017 17:00:58 price_crawling_v1.py[line:48] ERROR Message: no such element: Unable to locate element: {"method":"css selector","selector":".tm-promo-price .tm-price"}
  (Session info: chrome=59.0.3071.86)
  (Driver info: chromedriver=2.30.477690 (c53f4ad87510ee97b5c3425a14c0e79780cdf262),platform=Mac OS X 10.12.4 x86_64)

Mon, 12 Jun 2017 17:00:58 price_crawling_v1.py[line:27] INFO 站点: 京东 执行抓取: https://item.jd.com/2011979.html#crumb-wrap
Mon, 12 Jun 2017 17:01:00 price_crawling_v1.py[line:44] INFO 京东价格: 459.00
Mon, 12 Jun 2017 17:01:00 price_crawling_v1.py[line:27] INFO 站点: 天猫 执行抓取: https://detail.tmall.com/item.htm?spm=a1z10.3-b-s.w4011-14537059442.55.KM5Czm&id=545635785617&rn=880bfdd53459bfb77e0cfb94eedfb53c&abbucket=19&skuId=3457268762526
Mon, 12 Jun 2017 17:01:02 price_crawling_v1.py[line:38] INFO 天猫价格: 829.00
Mon, 12 Jun 2017 17:01:02 price_crawling_v1.py[line:27] INFO 站点: 京东 执行抓取: https://item.jd.com/4167780.html
Mon, 12 Jun 2017 17:01:04 price_crawling_v1.py[line:44] INFO 京东价格: 829.00
Mon, 12 Jun 2017 17:01:04 price_crawling_v1.py[line:27] INFO 站点: 天猫 执行抓取: https://detail.tmall.com/item.htm?spm=a1z10.5-b-s.w4011-14537059439.109.ozaGZ9&id=544084297162&rn=4579a4bae2974ab926884b8ea8bf2720&abbucket=19&skuId=3276718760770
Mon, 12 Jun 2017 17:01:06 price_crawling_v1.py[line:38] INFO 天猫价格: 1479.00
Mon, 12 Jun 2017 17:01:06 price_crawling_v1.py[line:27] INFO 站点: 京东 执行抓取: https://item.jd.com/3701943.html#crumb-wrap
Mon, 12 Jun 2017 17:01:08 price_crawling_v1.py[line:44] INFO 京东价格: 1479.00
Mon, 12 Jun 2017 17:01:08 price_crawling_v1.py[line:27] INFO 站点: 天猫 执行抓取: https://detail.tmall.com/item.htm?spm=a1z10.5-b-s.w4011-14537059439.115.ozaGZ9&id=544115487536&rn=4579a4bae2974ab926884b8ea8bf2720&abbucket=19&skuId=3276935441156
Mon, 12 Jun 2017 17:01:09 price_crawling_v1.py[line:38] INFO 天猫价格: 1749.00
Mon, 12 Jun 2017 17:01:09 price_crawling_v1.py[line:27] INFO 站点: 京东 执行抓取: https://item.jd.com/3701897.html#crumb-wrap
Mon, 12 Jun 2017 17:01:11 price_crawling_v1.py[line:44] INFO 京东价格: 1699.00
Mon, 12 Jun 2017 17:01:11 price_crawling_v1.py[line:27] INFO 站点: 天猫 执行抓取: https://detail.tmall.com/item.htm?spm=a1z10.5-b-s.w4011-14537059439.124.ozaGZ9&id=544115067316&rn=4579a4bae2974ab926884b8ea8bf2720&abbucket=19&skuId=3440954403634
Mon, 12 Jun 2017 17:01:12 price_crawling_v1.py[line:38] INFO 天猫价格: 2349.00
Mon, 12 Jun 2017 17:01:12 price_crawling_v1.py[line:27] INFO 站点: 京东 执行抓取: https://item.jd.com/4132930.html#crumb-wrap
Mon, 12 Jun 2017 17:01:19 price_crawling_v1.py[line:44] INFO 京东价格: 2349.00
Mon, 12 Jun 2017 17:01:19 price_crawling_v1.py[line:27] INFO 站点: 天猫 执行抓取: https://detail.tmall.com/item.htm?spm=a1z10.5-b-s.w4011-14537059439.133.ozaGZ9&id=544108459566&rn=4579a4bae2974ab926884b8ea8bf2720&abbucket=19&skuId=3440888859309
Mon, 12 Jun 2017 17:01:20 price_crawling_v1.py[line:38] INFO 天猫价格: 2649.00
Mon, 12 Jun 2017 17:01:20 price_crawling_v1.py[line:27] INFO 站点: 京东 执行抓取: https://item.jd.com/4132882.html#crumb-wrap
Mon, 12 Jun 2017 17:01:23 price_crawling_v1.py[line:44] INFO 京东价格: 2649.00
Mon, 12 Jun 2017 17:01:39 price_crawling_v1.py[line:75] INFO 从数据库读取出6条数据, 共计抓取12条url...
Mon, 12 Jun 2017 17:01:39 price_crawling_v1.py[line:27] INFO 站点: 天猫 执行抓取: https://detail.tmall.com/item.htm?spm=a1z10.5-b-s.w4011-14537059439.82.ozaGZ9&id=524731779454&rn=4579a4bae2974ab926884b8ea8bf2720&abbucket=19&skuId=3202441598340
Mon, 12 Jun 2017 17:01:40 price_crawling_v1.py[line:47] ERROR 下载该页面失败,错误详情:
Mon, 12 Jun 2017 17:01:40 price_crawling_v1.py[line:48] ERROR Message: no such element: Unable to locate element: {"method":"css selector","selector":".tm-promo-price .tm-price"}
  (Session info: chrome=59.0.3071.86)
  (Driver info: chromedriver=2.30.477690 (c53f4ad87510ee97b5c3425a14c0e79780cdf262),platform=Mac OS X 10.12.4 x86_64)

Mon, 12 Jun 2017 17:01:40 price_crawling_v1.py[line:27] INFO 站点: 京东 执行抓取: https://item.jd.com/2011979.html#crumb-wrap
Mon, 12 Jun 2017 17:01:42 price_crawling_v1.py[line:44] INFO 京东价格: 459.00
Mon, 12 Jun 2017 17:01:42 price_crawling_v1.py[line:27] INFO 站点: 天猫 执行抓取: https://detail.tmall.com/item.htm?spm=a1z10.3-b-s.w4011-14537059442.55.KM5Czm&id=545635785617&rn=880bfdd53459bfb77e0cfb94eedfb53c&abbucket=19&skuId=3457268762526
Mon, 12 Jun 2017 17:01:44 price_crawling_v1.py[line:38] INFO 天猫价格: 829.00
Mon, 12 Jun 2017 17:01:44 price_crawling_v1.py[line:27] INFO 站点: 京东 执行抓取: https://item.jd.com/4167780.html
Mon, 12 Jun 2017 17:01:47 price_crawling_v1.py[line:44] INFO 京东价格: 829.00
Mon, 12 Jun 2017 17:01:47 price_crawling_v1.py[line:27] INFO 站点: 天猫 执行抓取: https://detail.tmall.com/item.htm?spm=a1z10.5-b-s.w4011-14537059439.109.ozaGZ9&id=544084297162&rn=4579a4bae2974ab926884b8ea8bf2720&abbucket=19&skuId=3276718760770
Mon, 12 Jun 2017 17:01:48 price_crawling_v1.py[line:38] INFO 天猫价格: 1479.00
Mon, 12 Jun 2017 17:01:48 price_crawling_v1.py[line:27] INFO 站点: 京东 执行抓取: https://item.jd.com/3701943.html#crumb-wrap
Mon, 12 Jun 2017 17:01:50 price_crawling_v1.py[line:44] INFO 京东价格: 1479.00
Mon, 12 Jun 2017 17:01:50 price_crawling_v1.py[line:27] INFO 站点: 天猫 执行抓取: https://detail.tmall.com/item.htm?spm=a1z10.5-b-s.w4011-14537059439.115.ozaGZ9&id=544115487536&rn=4579a4bae2974ab926884b8ea8bf2720&abbucket=19&skuId=3276935441156
Mon, 12 Jun 2017 17:01:51 price_crawling_v1.py[line:38] INFO 天猫价格: 1749.00
Mon, 12 Jun 2017 17:01:51 price_crawling_v1.py[line:27] INFO 站点: 京东 执行抓取: https://item.jd.com/3701897.html#crumb-wrap
Mon, 12 Jun 2017 17:01:52 price_crawling_v1.py[line:44] INFO 京东价格: 1699.00
Mon, 12 Jun 2017 17:01:52 price_crawling_v1.py[line:27] INFO 站点: 天猫 执行抓取: https://detail.tmall.com/item.htm?spm=a1z10.5-b-s.w4011-14537059439.124.ozaGZ9&id=544115067316&rn=4579a4bae2974ab926884b8ea8bf2720&abbucket=19&skuId=3440954403634
Mon, 12 Jun 2017 17:01:54 price_crawling_v1.py[line:38] INFO 天猫价格: 2349.00
Mon, 12 Jun 2017 17:01:54 price_crawling_v1.py[line:27] INFO 站点: 京东 执行抓取: https://item.jd.com/4132930.html#crumb-wrap
Mon, 12 Jun 2017 17:01:55 price_crawling_v1.py[line:44] INFO 京东价格: 2349.00
Mon, 12 Jun 2017 17:01:55 price_crawling_v1.py[line:27] INFO 站点: 天猫 执行抓取: https://detail.tmall.com/item.htm?spm=a1z10.5-b-s.w4011-14537059439.133.ozaGZ9&id=544108459566&rn=4579a4bae2974ab926884b8ea8bf2720&abbucket=19&skuId=3440888859309
Mon, 12 Jun 2017 17:01:57 price_crawling_v1.py[line:38] INFO 天猫价格: 2649.00
Mon, 12 Jun 2017 17:01:57 price_crawling_v1.py[line:27] INFO 站点: 京东 执行抓取: https://item.jd.com/4132882.html#crumb-wrap
Mon, 12 Jun 2017 17:01:58 price_crawling_v1.py[line:44] INFO 京东价格: 2649.00
Mon, 12 Jun 2017 17:02:44 price_crawling_v1.py[line:75] INFO 从数据库读取出6条数据, 共计抓取12条url...
Mon, 12 Jun 2017 17:02:44 price_crawling_v1.py[line:27] INFO 站点: 天猫 执行抓取: https://detail.tmall.com/item.htm?spm=a1z10.5-b-s.w4011-14537059439.82.ozaGZ9&id=524731779454&rn=4579a4bae2974ab926884b8ea8bf2720&abbucket=19&skuId=3202441598340
Mon, 12 Jun 2017 17:02:46 price_crawling_v1.py[line:47] ERROR 下载该页面失败,错误详情:
Mon, 12 Jun 2017 17:02:46 price_crawling_v1.py[line:48] ERROR Message: no such element: Unable to locate element: {"method":"css selector","selector":".tm-promo-price .tm-price"}
  (Session info: chrome=59.0.3071.86)
  (Driver info: chromedriver=2.30.477690 (c53f4ad87510ee97b5c3425a14c0e79780cdf262),platform=Mac OS X 10.12.4 x86_64)

Mon, 12 Jun 2017 17:02:46 price_crawling_v1.py[line:27] INFO 站点: 京东 执行抓取: https://item.jd.com/2011979.html#crumb-wrap
Mon, 12 Jun 2017 17:02:48 price_crawling_v1.py[line:44] INFO 京东价格: 459.00
Mon, 12 Jun 2017 17:02:48 price_crawling_v1.py[line:27] INFO 站点: 天猫 执行抓取: https://detail.tmall.com/item.htm?spm=a1z10.3-b-s.w4011-14537059442.55.KM5Czm&id=545635785617&rn=880bfdd53459bfb77e0cfb94eedfb53c&abbucket=19&skuId=3457268762526
Mon, 12 Jun 2017 17:02:50 price_crawling_v1.py[line:38] INFO 天猫价格: 829.00
Mon, 12 Jun 2017 17:02:50 price_crawling_v1.py[line:27] INFO 站点: 京东 执行抓取: https://item.jd.com/4167780.html
Mon, 12 Jun 2017 17:02:53 price_crawling_v1.py[line:44] INFO 京东价格: 829.00
Mon, 12 Jun 2017 17:02:53 price_crawling_v1.py[line:27] INFO 站点: 天猫 执行抓取: https://detail.tmall.com/item.htm?spm=a1z10.5-b-s.w4011-14537059439.109.ozaGZ9&id=544084297162&rn=4579a4bae2974ab926884b8ea8bf2720&abbucket=19&skuId=3276718760770
Mon, 12 Jun 2017 17:02:55 price_crawling_v1.py[line:38] INFO 天猫价格: 1479.00
Mon, 12 Jun 2017 17:02:55 price_crawling_v1.py[line:27] INFO 站点: 京东 执行抓取: https://item.jd.com/3701943.html#crumb-wrap
Mon, 12 Jun 2017 17:02:56 price_crawling_v1.py[line:44] INFO 京东价格: 1479.00
Mon, 12 Jun 2017 17:02:56 price_crawling_v1.py[line:27] INFO 站点: 天猫 执行抓取: https://detail.tmall.com/item.htm?spm=a1z10.5-b-s.w4011-14537059439.115.ozaGZ9&id=544115487536&rn=4579a4bae2974ab926884b8ea8bf2720&abbucket=19&skuId=3276935441156
Mon, 12 Jun 2017 17:02:58 price_crawling_v1.py[line:38] INFO 天猫价格: 1749.00
Mon, 12 Jun 2017 17:02:58 price_crawling_v1.py[line:27] INFO 站点: 京东 执行抓取: https://item.jd.com/3701897.html#crumb-wrap
Mon, 12 Jun 2017 17:02:59 price_crawling_v1.py[line:44] INFO 京东价格: 1699.00
Mon, 12 Jun 2017 17:02:59 price_crawling_v1.py[line:27] INFO 站点: 天猫 执行抓取: https://detail.tmall.com/item.htm?spm=a1z10.5-b-s.w4011-14537059439.124.ozaGZ9&id=544115067316&rn=4579a4bae2974ab926884b8ea8bf2720&abbucket=19&skuId=3440954403634
Mon, 12 Jun 2017 17:03:00 price_crawling_v1.py[line:38] INFO 天猫价格: 2349.00
Mon, 12 Jun 2017 17:03:00 price_crawling_v1.py[line:27] INFO 站点: 京东 执行抓取: https://item.jd.com/4132930.html#crumb-wrap
Mon, 12 Jun 2017 17:03:02 price_crawling_v1.py[line:44] INFO 京东价格: 2349.00
Mon, 12 Jun 2017 17:03:02 price_crawling_v1.py[line:27] INFO 站点: 天猫 执行抓取: https://detail.tmall.com/item.htm?spm=a1z10.5-b-s.w4011-14537059439.133.ozaGZ9&id=544108459566&rn=4579a4bae2974ab926884b8ea8bf2720&abbucket=19&skuId=3440888859309
Mon, 12 Jun 2017 17:03:03 price_crawling_v1.py[line:38] INFO 天猫价格: 2649.00
Mon, 12 Jun 2017 17:03:03 price_crawling_v1.py[line:27] INFO 站点: 京东 执行抓取: https://item.jd.com/4132882.html#crumb-wrap
Mon, 12 Jun 2017 17:03:04 price_crawling_v1.py[line:44] INFO 京东价格: 2649.00
Mon, 12 Jun 2017 17:03:43 price_crawling_v1.py[line:75] INFO 从数据库读取出6条数据, 共计抓取12条url...
Mon, 12 Jun 2017 17:03:43 price_crawling_v1.py[line:27] INFO 站点: 天猫 执行抓取: https://detail.tmall.com/item.htm?spm=a1z10.5-b-s.w4011-14537059439.82.ozaGZ9&id=524731779454&rn=4579a4bae2974ab926884b8ea8bf2720&abbucket=19&skuId=3202441598340
Mon, 12 Jun 2017 17:03:45 price_crawling_v1.py[line:47] ERROR 下载该页面失败,错误详情:
Mon, 12 Jun 2017 17:03:45 price_crawling_v1.py[line:48] ERROR Message: no such element: Unable to locate element: {"method":"css selector","selector":".tm-promo-price .tm-price"}
  (Session info: chrome=59.0.3071.86)
  (Driver info: chromedriver=2.30.477690 (c53f4ad87510ee97b5c3425a14c0e79780cdf262),platform=Mac OS X 10.12.4 x86_64)

Mon, 12 Jun 2017 17:03:45 price_crawling_v1.py[line:27] INFO 站点: 京东 执行抓取: https://item.jd.com/2011979.html#crumb-wrap
Mon, 12 Jun 2017 17:03:47 price_crawling_v1.py[line:44] INFO 京东价格: 459.00
Mon, 12 Jun 2017 17:03:47 price_crawling_v1.py[line:27] INFO 站点: 天猫 执行抓取: https://detail.tmall.com/item.htm?spm=a1z10.3-b-s.w4011-14537059442.55.KM5Czm&id=545635785617&rn=880bfdd53459bfb77e0cfb94eedfb53c&abbucket=19&skuId=3457268762526
Mon, 12 Jun 2017 17:03:49 price_crawling_v1.py[line:47] ERROR 下载该页面失败,错误详情:
Mon, 12 Jun 2017 17:03:49 price_crawling_v1.py[line:48] ERROR Message: no such element: Unable to locate element: {"method":"css selector","selector":".tm-promo-price .tm-price"}
  (Session info: chrome=59.0.3071.86)
  (Driver info: chromedriver=2.30.477690 (c53f4ad87510ee97b5c3425a14c0e79780cdf262),platform=Mac OS X 10.12.4 x86_64)

Mon, 12 Jun 2017 17:03:49 price_crawling_v1.py[line:27] INFO 站点: 京东 执行抓取: https://item.jd.com/4167780.html
Mon, 12 Jun 2017 17:03:53 price_crawling_v1.py[line:44] INFO 京东价格: 829.00
Mon, 12 Jun 2017 17:03:53 price_crawling_v1.py[line:27] INFO 站点: 天猫 执行抓取: https://detail.tmall.com/item.htm?spm=a1z10.5-b-s.w4011-14537059439.109.ozaGZ9&id=544084297162&rn=4579a4bae2974ab926884b8ea8bf2720&abbucket=19&skuId=3276718760770
Mon, 12 Jun 2017 17:03:55 price_crawling_v1.py[line:47] ERROR 下载该页面失败,错误详情:
Mon, 12 Jun 2017 17:03:55 price_crawling_v1.py[line:48] ERROR Message: no such element: Unable to locate element: {"method":"css selector","selector":".tm-promo-price .tm-price"}
  (Session info: chrome=59.0.3071.86)
  (Driver info: chromedriver=2.30.477690 (c53f4ad87510ee97b5c3425a14c0e79780cdf262),platform=Mac OS X 10.12.4 x86_64)

Mon, 12 Jun 2017 17:03:55 price_crawling_v1.py[line:27] INFO 站点: 京东 执行抓取: https://item.jd.com/3701943.html#crumb-wrap
Mon, 12 Jun 2017 17:03:57 price_crawling_v1.py[line:44] INFO 京东价格: 1479.00
Mon, 12 Jun 2017 17:03:57 price_crawling_v1.py[line:27] INFO 站点: 天猫 执行抓取: https://detail.tmall.com/item.htm?spm=a1z10.5-b-s.w4011-14537059439.115.ozaGZ9&id=544115487536&rn=4579a4bae2974ab926884b8ea8bf2720&abbucket=19&skuId=3276935441156
Mon, 12 Jun 2017 17:03:59 price_crawling_v1.py[line:47] ERROR 下载该页面失败,错误详情:
Mon, 12 Jun 2017 17:03:59 price_crawling_v1.py[line:48] ERROR Message: no such element: Unable to locate element: {"method":"css selector","selector":".tm-promo-price .tm-price"}
  (Session info: chrome=59.0.3071.86)
  (Driver info: chromedriver=2.30.477690 (c53f4ad87510ee97b5c3425a14c0e79780cdf262),platform=Mac OS X 10.12.4 x86_64)

Mon, 12 Jun 2017 17:03:59 price_crawling_v1.py[line:27] INFO 站点: 京东 执行抓取: https://item.jd.com/3701897.html#crumb-wrap
Mon, 12 Jun 2017 17:04:02 price_crawling_v1.py[line:44] INFO 京东价格: 1699.00
Mon, 12 Jun 2017 17:04:02 price_crawling_v1.py[line:27] INFO 站点: 天猫 执行抓取: https://detail.tmall.com/item.htm?spm=a1z10.5-b-s.w4011-14537059439.124.ozaGZ9&id=544115067316&rn=4579a4bae2974ab926884b8ea8bf2720&abbucket=19&skuId=3440954403634
Mon, 12 Jun 2017 17:04:04 price_crawling_v1.py[line:47] ERROR 下载该页面失败,错误详情:
Mon, 12 Jun 2017 17:04:04 price_crawling_v1.py[line:48] ERROR Message: no such element: Unable to locate element: {"method":"css selector","selector":".tm-promo-price .tm-price"}
  (Session info: chrome=59.0.3071.86)
  (Driver info: chromedriver=2.30.477690 (c53f4ad87510ee97b5c3425a14c0e79780cdf262),platform=Mac OS X 10.12.4 x86_64)

Mon, 12 Jun 2017 17:04:04 price_crawling_v1.py[line:27] INFO 站点: 京东 执行抓取: https://item.jd.com/4132930.html#crumb-wrap
Mon, 12 Jun 2017 17:04:05 price_crawling_v1.py[line:44] INFO 京东价格: 2349.00
Mon, 12 Jun 2017 17:04:05 price_crawling_v1.py[line:27] INFO 站点: 天猫 执行抓取: https://detail.tmall.com/item.htm?spm=a1z10.5-b-s.w4011-14537059439.133.ozaGZ9&id=544108459566&rn=4579a4bae2974ab926884b8ea8bf2720&abbucket=19&skuId=3440888859309
Mon, 12 Jun 2017 17:04:08 price_crawling_v1.py[line:47] ERROR 下载该页面失败,错误详情:
Mon, 12 Jun 2017 17:04:08 price_crawling_v1.py[line:48] ERROR Message: no such element: Unable to locate element: {"method":"css selector","selector":".tm-promo-price .tm-price"}
  (Session info: chrome=59.0.3071.86)
  (Driver info: chromedriver=2.30.477690 (c53f4ad87510ee97b5c3425a14c0e79780cdf262),platform=Mac OS X 10.12.4 x86_64)

Mon, 12 Jun 2017 17:04:08 price_crawling_v1.py[line:27] INFO 站点: 京东 执行抓取: https://item.jd.com/4132882.html#crumb-wrap
Mon, 12 Jun 2017 17:04:09 price_crawling_v1.py[line:44] INFO 京东价格: 2649.00
Mon, 12 Jun 2017 17:04:09 price_crawling_v1.py[line:106] INFO 成功抓到天猫的价格个数: 0 成功抓到天京东的价格个数: 0
Mon, 12 Jun 2017 17:04:09 price_crawling_v1.py[line:108] INFO 程序执行完毕...
Mon, 12 Jun 2017 17:06:21 price_crawling_v1.py[line:75] INFO 从数据库读取出6条数据, 共计抓取12条url...
Mon, 12 Jun 2017 17:06:21 price_crawling_v1.py[line:27] INFO 站点: 天猫 执行抓取: https://detail.tmall.com/item.htm?spm=a1z10.5-b-s.w4011-14537059439.82.ozaGZ9&id=524731779454&rn=4579a4bae2974ab926884b8ea8bf2720&abbucket=19&skuId=3202441598340
Mon, 12 Jun 2017 17:06:24 price_crawling_v1.py[line:47] ERROR 下载该页面失败,错误详情:
Mon, 12 Jun 2017 17:06:24 price_crawling_v1.py[line:48] ERROR Message: no such element: Unable to locate element: {"method":"css selector","selector":".tm-promo-price .tm-price"}
  (Session info: chrome=59.0.3071.86)
  (Driver info: chromedriver=2.30.477690 (c53f4ad87510ee97b5c3425a14c0e79780cdf262),platform=Mac OS X 10.12.4 x86_64)

Mon, 12 Jun 2017 17:06:24 price_crawling_v1.py[line:27] INFO 站点: 京东 执行抓取: https://item.jd.com/2011979.html#crumb-wrap
Mon, 12 Jun 2017 17:06:25 price_crawling_v1.py[line:44] INFO 京东价格: 459.00
Mon, 12 Jun 2017 17:06:25 price_crawling_v1.py[line:27] INFO 站点: 天猫 执行抓取: https://detail.tmall.com/item.htm?spm=a1z10.3-b-s.w4011-14537059442.55.KM5Czm&id=545635785617&rn=880bfdd53459bfb77e0cfb94eedfb53c&abbucket=19&skuId=3457268762526
Mon, 12 Jun 2017 17:06:28 price_crawling_v1.py[line:47] ERROR 下载该页面失败,错误详情:
Mon, 12 Jun 2017 17:06:28 price_crawling_v1.py[line:48] ERROR Message: no such element: Unable to locate element: {"method":"css selector","selector":".tm-promo-price .tm-price"}
  (Session info: chrome=59.0.3071.86)
  (Driver info: chromedriver=2.30.477690 (c53f4ad87510ee97b5c3425a14c0e79780cdf262),platform=Mac OS X 10.12.4 x86_64)

Mon, 12 Jun 2017 17:06:28 price_crawling_v1.py[line:27] INFO 站点: 京东 执行抓取: https://item.jd.com/4167780.html
Mon, 12 Jun 2017 17:06:31 price_crawling_v1.py[line:44] INFO 京东价格: 829.00
Mon, 12 Jun 2017 17:06:31 price_crawling_v1.py[line:27] INFO 站点: 天猫 执行抓取: https://detail.tmall.com/item.htm?spm=a1z10.5-b-s.w4011-14537059439.109.ozaGZ9&id=544084297162&rn=4579a4bae2974ab926884b8ea8bf2720&abbucket=19&skuId=3276718760770
Mon, 12 Jun 2017 17:06:34 price_crawling_v1.py[line:47] ERROR 下载该页面失败,错误详情:
Mon, 12 Jun 2017 17:06:34 price_crawling_v1.py[line:48] ERROR Message: no such element: Unable to locate element: {"method":"css selector","selector":".tm-promo-price .tm-price"}
  (Session info: chrome=59.0.3071.86)
  (Driver info: chromedriver=2.30.477690 (c53f4ad87510ee97b5c3425a14c0e79780cdf262),platform=Mac OS X 10.12.4 x86_64)

Mon, 12 Jun 2017 17:06:34 price_crawling_v1.py[line:27] INFO 站点: 京东 执行抓取: https://item.jd.com/3701943.html#crumb-wrap
Mon, 12 Jun 2017 17:06:39 price_crawling_v1.py[line:44] INFO 京东价格: 1479.00
Mon, 12 Jun 2017 17:06:39 price_crawling_v1.py[line:27] INFO 站点: 天猫 执行抓取: https://detail.tmall.com/item.htm?spm=a1z10.5-b-s.w4011-14537059439.115.ozaGZ9&id=544115487536&rn=4579a4bae2974ab926884b8ea8bf2720&abbucket=19&skuId=3276935441156
Mon, 12 Jun 2017 17:06:41 price_crawling_v1.py[line:47] ERROR 下载该页面失败,错误详情:
Mon, 12 Jun 2017 17:06:41 price_crawling_v1.py[line:48] ERROR Message: no such element: Unable to locate element: {"method":"css selector","selector":".tm-promo-price .tm-price"}
  (Session info: chrome=59.0.3071.86)
  (Driver info: chromedriver=2.30.477690 (c53f4ad87510ee97b5c3425a14c0e79780cdf262),platform=Mac OS X 10.12.4 x86_64)

Mon, 12 Jun 2017 17:06:41 price_crawling_v1.py[line:27] INFO 站点: 京东 执行抓取: https://item.jd.com/3701897.html#crumb-wrap
Mon, 12 Jun 2017 17:06:43 price_crawling_v1.py[line:44] INFO 京东价格: 1699.00
Mon, 12 Jun 2017 17:06:43 price_crawling_v1.py[line:27] INFO 站点: 天猫 执行抓取: https://detail.tmall.com/item.htm?spm=a1z10.5-b-s.w4011-14537059439.124.ozaGZ9&id=544115067316&rn=4579a4bae2974ab926884b8ea8bf2720&abbucket=19&skuId=3440954403634
Mon, 12 Jun 2017 17:06:45 price_crawling_v1.py[line:47] ERROR 下载该页面失败,错误详情:
Mon, 12 Jun 2017 17:06:45 price_crawling_v1.py[line:48] ERROR Message: no such element: Unable to locate element: {"method":"css selector","selector":".tm-promo-price .tm-price"}
  (Session info: chrome=59.0.3071.86)
  (Driver info: chromedriver=2.30.477690 (c53f4ad87510ee97b5c3425a14c0e79780cdf262),platform=Mac OS X 10.12.4 x86_64)

Mon, 12 Jun 2017 17:06:45 price_crawling_v1.py[line:27] INFO 站点: 京东 执行抓取: https://item.jd.com/4132930.html#crumb-wrap
Mon, 12 Jun 2017 17:06:46 price_crawling_v1.py[line:44] INFO 京东价格: 2349.00
Mon, 12 Jun 2017 17:06:46 price_crawling_v1.py[line:27] INFO 站点: 天猫 执行抓取: https://detail.tmall.com/item.htm?spm=a1z10.5-b-s.w4011-14537059439.133.ozaGZ9&id=544108459566&rn=4579a4bae2974ab926884b8ea8bf2720&abbucket=19&skuId=3440888859309
Mon, 12 Jun 2017 17:06:48 price_crawling_v1.py[line:47] ERROR 下载该页面失败,错误详情:
Mon, 12 Jun 2017 17:06:48 price_crawling_v1.py[line:48] ERROR Message: no such element: Unable to locate element: {"method":"css selector","selector":".tm-promo-price .tm-price"}
  (Session info: chrome=59.0.3071.86)
  (Driver info: chromedriver=2.30.477690 (c53f4ad87510ee97b5c3425a14c0e79780cdf262),platform=Mac OS X 10.12.4 x86_64)

Mon, 12 Jun 2017 17:06:48 price_crawling_v1.py[line:27] INFO 站点: 京东 执行抓取: https://item.jd.com/4132882.html#crumb-wrap
Mon, 12 Jun 2017 17:06:49 price_crawling_v1.py[line:44] INFO 京东价格: 2649.00
Mon, 12 Jun 2017 17:06:49 price_crawling_v1.py[line:108] INFO 成功抓到天猫的价格个数: 0 成功抓到天京东的价格个数: 0
Mon, 12 Jun 2017 17:06:49 price_crawling_v1.py[line:110] INFO 程序执行完毕...
Mon, 12 Jun 2017 17:07:34 price_crawling_v1.py[line:75] INFO 从数据库读取出6条数据, 共计抓取12条url...
Mon, 12 Jun 2017 17:07:34 price_crawling_v1.py[line:27] INFO 站点: 天猫 执行抓取: https://detail.tmall.com/item.htm?spm=a1z10.5-b-s.w4011-14537059439.82.ozaGZ9&id=524731779454&rn=4579a4bae2974ab926884b8ea8bf2720&abbucket=19&skuId=3202441598340
Mon, 12 Jun 2017 17:07:37 price_crawling_v1.py[line:47] ERROR 下载该页面失败,错误详情:
Mon, 12 Jun 2017 17:07:37 price_crawling_v1.py[line:48] ERROR Message: no such element: Unable to locate element: {"method":"css selector","selector":".tm-promo-price .tm-price"}
  (Session info: chrome=59.0.3071.86)
  (Driver info: chromedriver=2.30.477690 (c53f4ad87510ee97b5c3425a14c0e79780cdf262),platform=Mac OS X 10.12.4 x86_64)

Mon, 12 Jun 2017 17:07:37 price_crawling_v1.py[line:27] INFO 站点: 京东 执行抓取: https://item.jd.com/2011979.html#crumb-wrap
Mon, 12 Jun 2017 17:07:40 price_crawling_v1.py[line:44] INFO 京东价格: 459.00
Mon, 12 Jun 2017 17:07:40 price_crawling_v1.py[line:27] INFO 站点: 天猫 执行抓取: https://detail.tmall.com/item.htm?spm=a1z10.3-b-s.w4011-14537059442.55.KM5Czm&id=545635785617&rn=880bfdd53459bfb77e0cfb94eedfb53c&abbucket=19&skuId=3457268762526
Mon, 12 Jun 2017 17:07:42 price_crawling_v1.py[line:47] ERROR 下载该页面失败,错误详情:
Mon, 12 Jun 2017 17:07:42 price_crawling_v1.py[line:48] ERROR Message: no such element: Unable to locate element: {"method":"css selector","selector":".tm-promo-price .tm-price"}
  (Session info: chrome=59.0.3071.86)
  (Driver info: chromedriver=2.30.477690 (c53f4ad87510ee97b5c3425a14c0e79780cdf262),platform=Mac OS X 10.12.4 x86_64)

Mon, 12 Jun 2017 17:07:42 price_crawling_v1.py[line:27] INFO 站点: 京东 执行抓取: https://item.jd.com/4167780.html
Mon, 12 Jun 2017 17:07:44 price_crawling_v1.py[line:44] INFO 京东价格: 829.00
Mon, 12 Jun 2017 17:07:44 price_crawling_v1.py[line:27] INFO 站点: 天猫 执行抓取: https://detail.tmall.com/item.htm?spm=a1z10.5-b-s.w4011-14537059439.109.ozaGZ9&id=544084297162&rn=4579a4bae2974ab926884b8ea8bf2720&abbucket=19&skuId=3276718760770
Mon, 12 Jun 2017 17:07:46 price_crawling_v1.py[line:47] ERROR 下载该页面失败,错误详情:
Mon, 12 Jun 2017 17:07:46 price_crawling_v1.py[line:48] ERROR Message: no such element: Unable to locate element: {"method":"css selector","selector":".tm-promo-price .tm-price"}
  (Session info: chrome=59.0.3071.86)
  (Driver info: chromedriver=2.30.477690 (c53f4ad87510ee97b5c3425a14c0e79780cdf262),platform=Mac OS X 10.12.4 x86_64)

Mon, 12 Jun 2017 17:07:46 price_crawling_v1.py[line:27] INFO 站点: 京东 执行抓取: https://item.jd.com/3701943.html#crumb-wrap
Mon, 12 Jun 2017 17:07:48 price_crawling_v1.py[line:44] INFO 京东价格: 1479.00
Mon, 12 Jun 2017 17:07:48 price_crawling_v1.py[line:27] INFO 站点: 天猫 执行抓取: https://detail.tmall.com/item.htm?spm=a1z10.5-b-s.w4011-14537059439.115.ozaGZ9&id=544115487536&rn=4579a4bae2974ab926884b8ea8bf2720&abbucket=19&skuId=3276935441156
Mon, 12 Jun 2017 17:07:49 price_crawling_v1.py[line:47] ERROR 下载该页面失败,错误详情:
Mon, 12 Jun 2017 17:07:49 price_crawling_v1.py[line:48] ERROR Message: no such element: Unable to locate element: {"method":"css selector","selector":".tm-promo-price .tm-price"}
  (Session info: chrome=59.0.3071.86)
  (Driver info: chromedriver=2.30.477690 (c53f4ad87510ee97b5c3425a14c0e79780cdf262),platform=Mac OS X 10.12.4 x86_64)

Mon, 12 Jun 2017 17:07:49 price_crawling_v1.py[line:27] INFO 站点: 京东 执行抓取: https://item.jd.com/3701897.html#crumb-wrap
Mon, 12 Jun 2017 17:07:51 price_crawling_v1.py[line:44] INFO 京东价格: 1699.00
Mon, 12 Jun 2017 17:07:51 price_crawling_v1.py[line:27] INFO 站点: 天猫 执行抓取: https://detail.tmall.com/item.htm?spm=a1z10.5-b-s.w4011-14537059439.124.ozaGZ9&id=544115067316&rn=4579a4bae2974ab926884b8ea8bf2720&abbucket=19&skuId=3440954403634
Mon, 12 Jun 2017 17:07:53 price_crawling_v1.py[line:47] ERROR 下载该页面失败,错误详情:
Mon, 12 Jun 2017 17:07:53 price_crawling_v1.py[line:48] ERROR Message: no such element: Unable to locate element: {"method":"css selector","selector":".tm-promo-price .tm-price"}
  (Session info: chrome=59.0.3071.86)
  (Driver info: chromedriver=2.30.477690 (c53f4ad87510ee97b5c3425a14c0e79780cdf262),platform=Mac OS X 10.12.4 x86_64)

Mon, 12 Jun 2017 17:07:53 price_crawling_v1.py[line:27] INFO 站点: 京东 执行抓取: https://item.jd.com/4132930.html#crumb-wrap
Mon, 12 Jun 2017 17:07:54 price_crawling_v1.py[line:44] INFO 京东价格: 2349.00
Mon, 12 Jun 2017 17:07:54 price_crawling_v1.py[line:27] INFO 站点: 天猫 执行抓取: https://detail.tmall.com/item.htm?spm=a1z10.5-b-s.w4011-14537059439.133.ozaGZ9&id=544108459566&rn=4579a4bae2974ab926884b8ea8bf2720&abbucket=19&skuId=3440888859309
Mon, 12 Jun 2017 17:07:56 price_crawling_v1.py[line:47] ERROR 下载该页面失败,错误详情:
Mon, 12 Jun 2017 17:07:56 price_crawling_v1.py[line:48] ERROR Message: no such element: Unable to locate element: {"method":"css selector","selector":".tm-promo-price .tm-price"}
  (Session info: chrome=59.0.3071.86)
  (Driver info: chromedriver=2.30.477690 (c53f4ad87510ee97b5c3425a14c0e79780cdf262),platform=Mac OS X 10.12.4 x86_64)

Mon, 12 Jun 2017 17:07:56 price_crawling_v1.py[line:27] INFO 站点: 京东 执行抓取: https://item.jd.com/4132882.html#crumb-wrap
Mon, 12 Jun 2017 17:07:57 price_crawling_v1.py[line:44] INFO 京东价格: 2649.00
Mon, 12 Jun 2017 17:07:57 price_crawling_v1.py[line:108] INFO 成功抓到天猫的价格个数: 0 成功抓到天京东的价格个数: 0
Mon, 12 Jun 2017 17:07:57 price_crawling_v1.py[line:110] INFO 程序执行完毕...
Mon, 12 Jun 2017 17:08:13 price_crawling_v1.py[line:75] INFO 从数据库读取出6条数据, 共计抓取12条url...
Mon, 12 Jun 2017 17:08:13 price_crawling_v1.py[line:27] INFO 站点: 天猫 执行抓取: https://detail.tmall.com/item.htm?spm=a1z10.5-b-s.w4011-14537059439.82.ozaGZ9&id=524731779454&rn=4579a4bae2974ab926884b8ea8bf2720&abbucket=19&skuId=3202441598340
Mon, 12 Jun 2017 17:08:15 price_crawling_v1.py[line:47] ERROR 下载该页面失败,错误详情:
Mon, 12 Jun 2017 17:08:15 price_crawling_v1.py[line:48] ERROR Message: no such element: Unable to locate element: {"method":"css selector","selector":".tm-promo-price .tm-price"}
  (Session info: chrome=59.0.3071.86)
  (Driver info: chromedriver=2.30.477690 (c53f4ad87510ee97b5c3425a14c0e79780cdf262),platform=Mac OS X 10.12.4 x86_64)

Mon, 12 Jun 2017 17:08:15 price_crawling_v1.py[line:27] INFO 站点: 京东 执行抓取: https://item.jd.com/2011979.html#crumb-wrap
Mon, 12 Jun 2017 17:08:17 price_crawling_v1.py[line:44] INFO 京东价格: 459.00
Mon, 12 Jun 2017 17:08:17 price_crawling_v1.py[line:27] INFO 站点: 天猫 执行抓取: https://detail.tmall.com/item.htm?spm=a1z10.3-b-s.w4011-14537059442.55.KM5Czm&id=545635785617&rn=880bfdd53459bfb77e0cfb94eedfb53c&abbucket=19&skuId=3457268762526
Mon, 12 Jun 2017 17:08:20 price_crawling_v1.py[line:47] ERROR 下载该页面失败,错误详情:
Mon, 12 Jun 2017 17:08:20 price_crawling_v1.py[line:48] ERROR Message: no such element: Unable to locate element: {"method":"css selector","selector":".tm-promo-price .tm-price"}
  (Session info: chrome=59.0.3071.86)
  (Driver info: chromedriver=2.30.477690 (c53f4ad87510ee97b5c3425a14c0e79780cdf262),platform=Mac OS X 10.12.4 x86_64)

Mon, 12 Jun 2017 17:08:20 price_crawling_v1.py[line:27] INFO 站点: 京东 执行抓取: https://item.jd.com/4167780.html
Mon, 12 Jun 2017 17:08:24 price_crawling_v1.py[line:44] INFO 京东价格: 829.00
Mon, 12 Jun 2017 17:08:24 price_crawling_v1.py[line:27] INFO 站点: 天猫 执行抓取: https://detail.tmall.com/item.htm?spm=a1z10.5-b-s.w4011-14537059439.109.ozaGZ9&id=544084297162&rn=4579a4bae2974ab926884b8ea8bf2720&abbucket=19&skuId=3276718760770
Mon, 12 Jun 2017 17:08:25 price_crawling_v1.py[line:47] ERROR 下载该页面失败,错误详情:
Mon, 12 Jun 2017 17:08:25 price_crawling_v1.py[line:48] ERROR Message: no such element: Unable to locate element: {"method":"css selector","selector":".tm-promo-price .tm-price"}
  (Session info: chrome=59.0.3071.86)
  (Driver info: chromedriver=2.30.477690 (c53f4ad87510ee97b5c3425a14c0e79780cdf262),platform=Mac OS X 10.12.4 x86_64)

Mon, 12 Jun 2017 17:08:25 price_crawling_v1.py[line:27] INFO 站点: 京东 执行抓取: https://item.jd.com/3701943.html#crumb-wrap
Mon, 12 Jun 2017 17:08:27 price_crawling_v1.py[line:44] INFO 京东价格: 1479.00
Mon, 12 Jun 2017 17:08:27 price_crawling_v1.py[line:27] INFO 站点: 天猫 执行抓取: https://detail.tmall.com/item.htm?spm=a1z10.5-b-s.w4011-14537059439.115.ozaGZ9&id=544115487536&rn=4579a4bae2974ab926884b8ea8bf2720&abbucket=19&skuId=3276935441156
Mon, 12 Jun 2017 17:08:29 price_crawling_v1.py[line:47] ERROR 下载该页面失败,错误详情:
Mon, 12 Jun 2017 17:08:29 price_crawling_v1.py[line:48] ERROR Message: no such element: Unable to locate element: {"method":"css selector","selector":".tm-promo-price .tm-price"}
  (Session info: chrome=59.0.3071.86)
  (Driver info: chromedriver=2.30.477690 (c53f4ad87510ee97b5c3425a14c0e79780cdf262),platform=Mac OS X 10.12.4 x86_64)

Mon, 12 Jun 2017 17:08:29 price_crawling_v1.py[line:27] INFO 站点: 京东 执行抓取: https://item.jd.com/3701897.html#crumb-wrap
Mon, 12 Jun 2017 17:08:30 price_crawling_v1.py[line:44] INFO 京东价格: 1699.00
Mon, 12 Jun 2017 17:08:30 price_crawling_v1.py[line:27] INFO 站点: 天猫 执行抓取: https://detail.tmall.com/item.htm?spm=a1z10.5-b-s.w4011-14537059439.124.ozaGZ9&id=544115067316&rn=4579a4bae2974ab926884b8ea8bf2720&abbucket=19&skuId=3440954403634
Mon, 12 Jun 2017 17:08:33 price_crawling_v1.py[line:47] ERROR 下载该页面失败,错误详情:
Mon, 12 Jun 2017 17:08:33 price_crawling_v1.py[line:48] ERROR Message: no such element: Unable to locate element: {"method":"css selector","selector":".tm-promo-price .tm-price"}
  (Session info: chrome=59.0.3071.86)
  (Driver info: chromedriver=2.30.477690 (c53f4ad87510ee97b5c3425a14c0e79780cdf262),platform=Mac OS X 10.12.4 x86_64)

Mon, 12 Jun 2017 17:08:33 price_crawling_v1.py[line:27] INFO 站点: 京东 执行抓取: https://item.jd.com/4132930.html#crumb-wrap
Mon, 12 Jun 2017 17:08:34 price_crawling_v1.py[line:44] INFO 京东价格: 2349.00
Mon, 12 Jun 2017 17:08:34 price_crawling_v1.py[line:27] INFO 站点: 天猫 执行抓取: https://detail.tmall.com/item.htm?spm=a1z10.5-b-s.w4011-14537059439.133.ozaGZ9&id=544108459566&rn=4579a4bae2974ab926884b8ea8bf2720&abbucket=19&skuId=3440888859309
Mon, 12 Jun 2017 17:08:36 price_crawling_v1.py[line:47] ERROR 下载该页面失败,错误详情:
Mon, 12 Jun 2017 17:08:36 price_crawling_v1.py[line:48] ERROR Message: no such element: Unable to locate element: {"method":"css selector","selector":".tm-promo-price .tm-price"}
  (Session info: chrome=59.0.3071.86)
  (Driver info: chromedriver=2.30.477690 (c53f4ad87510ee97b5c3425a14c0e79780cdf262),platform=Mac OS X 10.12.4 x86_64)

Mon, 12 Jun 2017 17:08:36 price_crawling_v1.py[line:27] INFO 站点: 京东 执行抓取: https://item.jd.com/4132882.html#crumb-wrap
Mon, 12 Jun 2017 17:08:37 price_crawling_v1.py[line:44] INFO 京东价格: 2649.00
Mon, 12 Jun 2017 17:08:37 price_crawling_v1.py[line:107] INFO 成功抓到天猫的价格个数: 0 成功抓到天京东的价格个数: 0
Mon, 12 Jun 2017 17:08:37 price_crawling_v1.py[line:109] INFO 程序执行完毕...
Mon, 12 Jun 2017 17:08:59 price_crawling_v1.py[line:75] INFO 从数据库读取出6条数据, 共计抓取12条url...
Mon, 12 Jun 2017 17:08:59 price_crawling_v1.py[line:27] INFO 站点: 天猫 执行抓取: https://detail.tmall.com/item.htm?spm=a1z10.5-b-s.w4011-14537059439.82.ozaGZ9&id=524731779454&rn=4579a4bae2974ab926884b8ea8bf2720&abbucket=19&skuId=3202441598340
Mon, 12 Jun 2017 17:09:01 price_crawling_v1.py[line:47] ERROR 下载该页面失败,错误详情:
Mon, 12 Jun 2017 17:09:01 price_crawling_v1.py[line:48] ERROR Message: no such element: Unable to locate element: {"method":"css selector","selector":".tm-promo-price .tm-price"}
  (Session info: chrome=59.0.3071.86)
  (Driver info: chromedriver=2.30.477690 (c53f4ad87510ee97b5c3425a14c0e79780cdf262),platform=Mac OS X 10.12.4 x86_64)

Mon, 12 Jun 2017 17:09:01 price_crawling_v1.py[line:27] INFO 站点: 京东 执行抓取: https://item.jd.com/2011979.html#crumb-wrap
Mon, 12 Jun 2017 17:09:03 price_crawling_v1.py[line:44] INFO 京东价格: 459.00
Mon, 12 Jun 2017 17:09:03 price_crawling_v1.py[line:27] INFO 站点: 天猫 执行抓取: https://detail.tmall.com/item.htm?spm=a1z10.3-b-s.w4011-14537059442.55.KM5Czm&id=545635785617&rn=880bfdd53459bfb77e0cfb94eedfb53c&abbucket=19&skuId=3457268762526
Mon, 12 Jun 2017 17:09:05 price_crawling_v1.py[line:47] ERROR 下载该页面失败,错误详情:
Mon, 12 Jun 2017 17:09:05 price_crawling_v1.py[line:48] ERROR Message: no such element: Unable to locate element: {"method":"css selector","selector":".tm-promo-price .tm-price"}
  (Session info: chrome=59.0.3071.86)
  (Driver info: chromedriver=2.30.477690 (c53f4ad87510ee97b5c3425a14c0e79780cdf262),platform=Mac OS X 10.12.4 x86_64)

Mon, 12 Jun 2017 17:09:05 price_crawling_v1.py[line:27] INFO 站点: 京东 执行抓取: https://item.jd.com/4167780.html
Mon, 12 Jun 2017 17:09:07 price_crawling_v1.py[line:44] INFO 京东价格: 829.00
Mon, 12 Jun 2017 17:09:07 price_crawling_v1.py[line:27] INFO 站点: 天猫 执行抓取: https://detail.tmall.com/item.htm?spm=a1z10.5-b-s.w4011-14537059439.109.ozaGZ9&id=544084297162&rn=4579a4bae2974ab926884b8ea8bf2720&abbucket=19&skuId=3276718760770
Mon, 12 Jun 2017 17:09:09 price_crawling_v1.py[line:47] ERROR 下载该页面失败,错误详情:
Mon, 12 Jun 2017 17:09:09 price_crawling_v1.py[line:48] ERROR Message: no such element: Unable to locate element: {"method":"css selector","selector":".tm-promo-price .tm-price"}
  (Session info: chrome=59.0.3071.86)
  (Driver info: chromedriver=2.30.477690 (c53f4ad87510ee97b5c3425a14c0e79780cdf262),platform=Mac OS X 10.12.4 x86_64)

Mon, 12 Jun 2017 17:09:09 price_crawling_v1.py[line:27] INFO 站点: 京东 执行抓取: https://item.jd.com/3701943.html#crumb-wrap
Mon, 12 Jun 2017 17:09:10 price_crawling_v1.py[line:44] INFO 京东价格: 1479.00
Mon, 12 Jun 2017 17:09:10 price_crawling_v1.py[line:27] INFO 站点: 天猫 执行抓取: https://detail.tmall.com/item.htm?spm=a1z10.5-b-s.w4011-14537059439.115.ozaGZ9&id=544115487536&rn=4579a4bae2974ab926884b8ea8bf2720&abbucket=19&skuId=3276935441156
Mon, 12 Jun 2017 17:09:12 price_crawling_v1.py[line:47] ERROR 下载该页面失败,错误详情:
Mon, 12 Jun 2017 17:09:12 price_crawling_v1.py[line:48] ERROR Message: no such element: Unable to locate element: {"method":"css selector","selector":".tm-promo-price .tm-price"}
  (Session info: chrome=59.0.3071.86)
  (Driver info: chromedriver=2.30.477690 (c53f4ad87510ee97b5c3425a14c0e79780cdf262),platform=Mac OS X 10.12.4 x86_64)

Mon, 12 Jun 2017 17:09:12 price_crawling_v1.py[line:27] INFO 站点: 京东 执行抓取: https://item.jd.com/3701897.html#crumb-wrap
Mon, 12 Jun 2017 17:09:13 price_crawling_v1.py[line:44] INFO 京东价格: 1699.00
Mon, 12 Jun 2017 17:09:13 price_crawling_v1.py[line:27] INFO 站点: 天猫 执行抓取: https://detail.tmall.com/item.htm?spm=a1z10.5-b-s.w4011-14537059439.124.ozaGZ9&id=544115067316&rn=4579a4bae2974ab926884b8ea8bf2720&abbucket=19&skuId=3440954403634
Mon, 12 Jun 2017 17:09:15 price_crawling_v1.py[line:47] ERROR 下载该页面失败,错误详情:
Mon, 12 Jun 2017 17:09:15 price_crawling_v1.py[line:48] ERROR Message: no such element: Unable to locate element: {"method":"css selector","selector":".tm-promo-price .tm-price"}
  (Session info: chrome=59.0.3071.86)
  (Driver info: chromedriver=2.30.477690 (c53f4ad87510ee97b5c3425a14c0e79780cdf262),platform=Mac OS X 10.12.4 x86_64)

Mon, 12 Jun 2017 17:09:15 price_crawling_v1.py[line:27] INFO 站点: 京东 执行抓取: https://item.jd.com/4132930.html#crumb-wrap
Mon, 12 Jun 2017 17:09:16 price_crawling_v1.py[line:44] INFO 京东价格: 2349.00
Mon, 12 Jun 2017 17:09:16 price_crawling_v1.py[line:27] INFO 站点: 天猫 执行抓取: https://detail.tmall.com/item.htm?spm=a1z10.5-b-s.w4011-14537059439.133.ozaGZ9&id=544108459566&rn=4579a4bae2974ab926884b8ea8bf2720&abbucket=19&skuId=3440888859309
Mon, 12 Jun 2017 17:09:19 price_crawling_v1.py[line:47] ERROR 下载该页面失败,错误详情:
Mon, 12 Jun 2017 17:09:19 price_crawling_v1.py[line:48] ERROR Message: no such element: Unable to locate element: {"method":"css selector","selector":".tm-promo-price .tm-price"}
  (Session info: chrome=59.0.3071.86)
  (Driver info: chromedriver=2.30.477690 (c53f4ad87510ee97b5c3425a14c0e79780cdf262),platform=Mac OS X 10.12.4 x86_64)

Mon, 12 Jun 2017 17:09:19 price_crawling_v1.py[line:27] INFO 站点: 京东 执行抓取: https://item.jd.com/4132882.html#crumb-wrap
Mon, 12 Jun 2017 17:09:20 price_crawling_v1.py[line:44] INFO 京东价格: 2649.00
Mon, 12 Jun 2017 17:09:20 price_crawling_v1.py[line:107] INFO 成功抓到天猫的价格个数: 0 成功抓到天京东的价格个数: 0
Mon, 12 Jun 2017 17:09:20 price_crawling_v1.py[line:109] INFO 程序执行完毕...
Mon, 12 Jun 2017 17:09:29 price_crawling_v1.py[line:75] INFO 从数据库读取出6条数据, 共计抓取12条url...
Mon, 12 Jun 2017 17:09:29 price_crawling_v1.py[line:27] INFO 站点: 天猫 执行抓取: https://detail.tmall.com/item.htm?spm=a1z10.5-b-s.w4011-14537059439.82.ozaGZ9&id=524731779454&rn=4579a4bae2974ab926884b8ea8bf2720&abbucket=19&skuId=3202441598340
Mon, 12 Jun 2017 17:09:32 price_crawling_v1.py[line:47] ERROR 下载该页面失败,错误详情:
Mon, 12 Jun 2017 17:09:32 price_crawling_v1.py[line:48] ERROR Message: no such element: Unable to locate element: {"method":"css selector","selector":".tm-promo-price .tm-price"}
  (Session info: chrome=59.0.3071.86)
  (Driver info: chromedriver=2.30.477690 (c53f4ad87510ee97b5c3425a14c0e79780cdf262),platform=Mac OS X 10.12.4 x86_64)

Mon, 12 Jun 2017 17:09:32 price_crawling_v1.py[line:27] INFO 站点: 京东 执行抓取: https://item.jd.com/2011979.html#crumb-wrap
Mon, 12 Jun 2017 17:09:35 price_crawling_v1.py[line:44] INFO 京东价格: 459.00
Mon, 12 Jun 2017 17:09:35 price_crawling_v1.py[line:27] INFO 站点: 天猫 执行抓取: https://detail.tmall.com/item.htm?spm=a1z10.3-b-s.w4011-14537059442.55.KM5Czm&id=545635785617&rn=880bfdd53459bfb77e0cfb94eedfb53c&abbucket=19&skuId=3457268762526
Mon, 12 Jun 2017 17:09:37 price_crawling_v1.py[line:47] ERROR 下载该页面失败,错误详情:
Mon, 12 Jun 2017 17:09:37 price_crawling_v1.py[line:48] ERROR Message: no such element: Unable to locate element: {"method":"css selector","selector":".tm-promo-price .tm-price"}
  (Session info: chrome=59.0.3071.86)
  (Driver info: chromedriver=2.30.477690 (c53f4ad87510ee97b5c3425a14c0e79780cdf262),platform=Mac OS X 10.12.4 x86_64)

Mon, 12 Jun 2017 17:09:37 price_crawling_v1.py[line:27] INFO 站点: 京东 执行抓取: https://item.jd.com/4167780.html
Mon, 12 Jun 2017 17:09:39 price_crawling_v1.py[line:44] INFO 京东价格: 829.00
Mon, 12 Jun 2017 17:09:39 price_crawling_v1.py[line:27] INFO 站点: 天猫 执行抓取: https://detail.tmall.com/item.htm?spm=a1z10.5-b-s.w4011-14537059439.109.ozaGZ9&id=544084297162&rn=4579a4bae2974ab926884b8ea8bf2720&abbucket=19&skuId=3276718760770
Mon, 12 Jun 2017 17:09:41 price_crawling_v1.py[line:47] ERROR 下载该页面失败,错误详情:
Mon, 12 Jun 2017 17:09:41 price_crawling_v1.py[line:48] ERROR Message: no such element: Unable to locate element: {"method":"css selector","selector":".tm-promo-price .tm-price"}
  (Session info: chrome=59.0.3071.86)
  (Driver info: chromedriver=2.30.477690 (c53f4ad87510ee97b5c3425a14c0e79780cdf262),platform=Mac OS X 10.12.4 x86_64)

Mon, 12 Jun 2017 17:09:41 price_crawling_v1.py[line:27] INFO 站点: 京东 执行抓取: https://item.jd.com/3701943.html#crumb-wrap
Mon, 12 Jun 2017 17:09:42 price_crawling_v1.py[line:44] INFO 京东价格: 1479.00
Mon, 12 Jun 2017 17:09:42 price_crawling_v1.py[line:27] INFO 站点: 天猫 执行抓取: https://detail.tmall.com/item.htm?spm=a1z10.5-b-s.w4011-14537059439.115.ozaGZ9&id=544115487536&rn=4579a4bae2974ab926884b8ea8bf2720&abbucket=19&skuId=3276935441156
Mon, 12 Jun 2017 17:09:44 price_crawling_v1.py[line:47] ERROR 下载该页面失败,错误详情:
Mon, 12 Jun 2017 17:09:44 price_crawling_v1.py[line:48] ERROR Message: no such element: Unable to locate element: {"method":"css selector","selector":".tm-promo-price .tm-price"}
  (Session info: chrome=59.0.3071.86)
  (Driver info: chromedriver=2.30.477690 (c53f4ad87510ee97b5c3425a14c0e79780cdf262),platform=Mac OS X 10.12.4 x86_64)

Mon, 12 Jun 2017 17:09:44 price_crawling_v1.py[line:27] INFO 站点: 京东 执行抓取: https://item.jd.com/3701897.html#crumb-wrap
Mon, 12 Jun 2017 17:09:45 price_crawling_v1.py[line:44] INFO 京东价格: 1699.00
Mon, 12 Jun 2017 17:09:45 price_crawling_v1.py[line:27] INFO 站点: 天猫 执行抓取: https://detail.tmall.com/item.htm?spm=a1z10.5-b-s.w4011-14537059439.124.ozaGZ9&id=544115067316&rn=4579a4bae2974ab926884b8ea8bf2720&abbucket=19&skuId=3440954403634
Mon, 12 Jun 2017 17:09:48 price_crawling_v1.py[line:47] ERROR 下载该页面失败,错误详情:
Mon, 12 Jun 2017 17:09:48 price_crawling_v1.py[line:48] ERROR Message: no such element: Unable to locate element: {"method":"css selector","selector":".tm-promo-price .tm-price"}
  (Session info: chrome=59.0.3071.86)
  (Driver info: chromedriver=2.30.477690 (c53f4ad87510ee97b5c3425a14c0e79780cdf262),platform=Mac OS X 10.12.4 x86_64)

Mon, 12 Jun 2017 17:09:48 price_crawling_v1.py[line:27] INFO 站点: 京东 执行抓取: https://item.jd.com/4132930.html#crumb-wrap
Mon, 12 Jun 2017 17:09:49 price_crawling_v1.py[line:44] INFO 京东价格: 2349.00
Mon, 12 Jun 2017 17:09:49 price_crawling_v1.py[line:27] INFO 站点: 天猫 执行抓取: https://detail.tmall.com/item.htm?spm=a1z10.5-b-s.w4011-14537059439.133.ozaGZ9&id=544108459566&rn=4579a4bae2974ab926884b8ea8bf2720&abbucket=19&skuId=3440888859309
Mon, 12 Jun 2017 17:09:50 price_crawling_v1.py[line:47] ERROR 下载该页面失败,错误详情:
Mon, 12 Jun 2017 17:09:50 price_crawling_v1.py[line:48] ERROR Message: no such element: Unable to locate element: {"method":"css selector","selector":".tm-promo-price .tm-price"}
  (Session info: chrome=59.0.3071.86)
  (Driver info: chromedriver=2.30.477690 (c53f4ad87510ee97b5c3425a14c0e79780cdf262),platform=Mac OS X 10.12.4 x86_64)

Mon, 12 Jun 2017 17:09:50 price_crawling_v1.py[line:27] INFO 站点: 京东 执行抓取: https://item.jd.com/4132882.html#crumb-wrap
Mon, 12 Jun 2017 17:09:52 price_crawling_v1.py[line:44] INFO 京东价格: 2649.00
Mon, 12 Jun 2017 17:09:52 price_crawling_v1.py[line:107] INFO 成功抓到天猫的价格个数: 0 成功抓到天京东的价格个数: 0
Mon, 12 Jun 2017 17:09:52 price_crawling_v1.py[line:109] INFO 程序执行完毕...
Mon, 12 Jun 2017 17:12:37 price_crawling_v1.py[line:75] INFO 从数据库读取出6条数据, 共计抓取12条url...
Mon, 12 Jun 2017 17:12:37 price_crawling_v1.py[line:27] INFO 站点: 天猫 执行抓取: https://detail.tmall.com/item.htm?spm=a1z10.5-b-s.w4011-14537059439.82.ozaGZ9&id=524731779454&rn=4579a4bae2974ab926884b8ea8bf2720&abbucket=19&skuId=3202441598340
Mon, 12 Jun 2017 17:12:40 price_crawling_v1.py[line:47] ERROR 下载该页面失败,错误详情:
Mon, 12 Jun 2017 17:12:40 price_crawling_v1.py[line:48] ERROR Message: no such element: Unable to locate element: {"method":"css selector","selector":".tm-promo-price .tm-price"}
  (Session info: chrome=59.0.3071.86)
  (Driver info: chromedriver=2.30.477690 (c53f4ad87510ee97b5c3425a14c0e79780cdf262),platform=Mac OS X 10.12.4 x86_64)

Mon, 12 Jun 2017 17:12:40 price_crawling_v1.py[line:27] INFO 站点: 京东 执行抓取: https://item.jd.com/2011979.html#crumb-wrap
Mon, 12 Jun 2017 17:12:43 price_crawling_v1.py[line:44] INFO 京东价格: 459.00
Mon, 12 Jun 2017 17:12:43 price_crawling_v1.py[line:27] INFO 站点: 天猫 执行抓取: https://detail.tmall.com/item.htm?spm=a1z10.3-b-s.w4011-14537059442.55.KM5Czm&id=545635785617&rn=880bfdd53459bfb77e0cfb94eedfb53c&abbucket=19&skuId=3457268762526
Mon, 12 Jun 2017 17:12:45 price_crawling_v1.py[line:47] ERROR 下载该页面失败,错误详情:
Mon, 12 Jun 2017 17:12:45 price_crawling_v1.py[line:48] ERROR Message: no such element: Unable to locate element: {"method":"css selector","selector":".tm-promo-price .tm-price"}
  (Session info: chrome=59.0.3071.86)
  (Driver info: chromedriver=2.30.477690 (c53f4ad87510ee97b5c3425a14c0e79780cdf262),platform=Mac OS X 10.12.4 x86_64)

Mon, 12 Jun 2017 17:12:45 price_crawling_v1.py[line:27] INFO 站点: 京东 执行抓取: https://item.jd.com/4167780.html
Mon, 12 Jun 2017 17:12:47 price_crawling_v1.py[line:44] INFO 京东价格: 829.00
Mon, 12 Jun 2017 17:12:47 price_crawling_v1.py[line:27] INFO 站点: 天猫 执行抓取: https://detail.tmall.com/item.htm?spm=a1z10.5-b-s.w4011-14537059439.109.ozaGZ9&id=544084297162&rn=4579a4bae2974ab926884b8ea8bf2720&abbucket=19&skuId=3276718760770
Mon, 12 Jun 2017 17:12:49 price_crawling_v1.py[line:47] ERROR 下载该页面失败,错误详情:
Mon, 12 Jun 2017 17:12:49 price_crawling_v1.py[line:48] ERROR Message: no such element: Unable to locate element: {"method":"css selector","selector":".tm-promo-price .tm-price"}
  (Session info: chrome=59.0.3071.86)
  (Driver info: chromedriver=2.30.477690 (c53f4ad87510ee97b5c3425a14c0e79780cdf262),platform=Mac OS X 10.12.4 x86_64)

Mon, 12 Jun 2017 17:12:49 price_crawling_v1.py[line:27] INFO 站点: 京东 执行抓取: https://item.jd.com/3701943.html#crumb-wrap
Mon, 12 Jun 2017 17:12:50 price_crawling_v1.py[line:44] INFO 京东价格: 1479.00
Mon, 12 Jun 2017 17:12:50 price_crawling_v1.py[line:27] INFO 站点: 天猫 执行抓取: https://detail.tmall.com/item.htm?spm=a1z10.5-b-s.w4011-14537059439.115.ozaGZ9&id=544115487536&rn=4579a4bae2974ab926884b8ea8bf2720&abbucket=19&skuId=3276935441156
Mon, 12 Jun 2017 17:12:53 price_crawling_v1.py[line:47] ERROR 下载该页面失败,错误详情:
Mon, 12 Jun 2017 17:12:53 price_crawling_v1.py[line:48] ERROR Message: no such element: Unable to locate element: {"method":"css selector","selector":".tm-promo-price .tm-price"}
  (Session info: chrome=59.0.3071.86)
  (Driver info: chromedriver=2.30.477690 (c53f4ad87510ee97b5c3425a14c0e79780cdf262),platform=Mac OS X 10.12.4 x86_64)

Mon, 12 Jun 2017 17:12:53 price_crawling_v1.py[line:27] INFO 站点: 京东 执行抓取: https://item.jd.com/3701897.html#crumb-wrap
Mon, 12 Jun 2017 17:12:58 price_crawling_v1.py[line:44] INFO 京东价格: 1699.00
Mon, 12 Jun 2017 17:12:58 price_crawling_v1.py[line:27] INFO 站点: 天猫 执行抓取: https://detail.tmall.com/item.htm?spm=a1z10.5-b-s.w4011-14537059439.124.ozaGZ9&id=544115067316&rn=4579a4bae2974ab926884b8ea8bf2720&abbucket=19&skuId=3440954403634
Mon, 12 Jun 2017 17:13:00 price_crawling_v1.py[line:47] ERROR 下载该页面失败,错误详情:
Mon, 12 Jun 2017 17:13:00 price_crawling_v1.py[line:48] ERROR Message: no such element: Unable to locate element: {"method":"css selector","selector":".tm-promo-price .tm-price"}
  (Session info: chrome=59.0.3071.86)
  (Driver info: chromedriver=2.30.477690 (c53f4ad87510ee97b5c3425a14c0e79780cdf262),platform=Mac OS X 10.12.4 x86_64)

Mon, 12 Jun 2017 17:13:00 price_crawling_v1.py[line:27] INFO 站点: 京东 执行抓取: https://item.jd.com/4132930.html#crumb-wrap
Mon, 12 Jun 2017 17:13:01 price_crawling_v1.py[line:44] INFO 京东价格: 2349.00
Mon, 12 Jun 2017 17:13:01 price_crawling_v1.py[line:27] INFO 站点: 天猫 执行抓取: https://detail.tmall.com/item.htm?spm=a1z10.5-b-s.w4011-14537059439.133.ozaGZ9&id=544108459566&rn=4579a4bae2974ab926884b8ea8bf2720&abbucket=19&skuId=3440888859309
Mon, 12 Jun 2017 17:13:03 price_crawling_v1.py[line:47] ERROR 下载该页面失败,错误详情:
Mon, 12 Jun 2017 17:13:03 price_crawling_v1.py[line:48] ERROR Message: no such element: Unable to locate element: {"method":"css selector","selector":".tm-promo-price .tm-price"}
  (Session info: chrome=59.0.3071.86)
  (Driver info: chromedriver=2.30.477690 (c53f4ad87510ee97b5c3425a14c0e79780cdf262),platform=Mac OS X 10.12.4 x86_64)

Mon, 12 Jun 2017 17:13:03 price_crawling_v1.py[line:27] INFO 站点: 京东 执行抓取: https://item.jd.com/4132882.html#crumb-wrap
Mon, 12 Jun 2017 17:13:05 price_crawling_v1.py[line:44] INFO 京东价格: 2649.00
Mon, 12 Jun 2017 17:13:05 price_crawling_v1.py[line:111] INFO 成功抓到天猫的价格个数: 0 成功抓到天京东的价格个数: 6
Mon, 12 Jun 2017 17:13:05 price_crawling_v1.py[line:113] INFO 程序执行完毕...
Mon, 12 Jun 2017 17:16:55 price_crawling_v1.py[line:75] INFO 从数据库读取出6条数据, 共计抓取12条url...
Mon, 12 Jun 2017 17:16:55 price_crawling_v1.py[line:27] INFO 站点: 天猫 执行抓取: https://detail.tmall.com/item.htm?spm=a1z10.5-b-s.w4011-14537059439.82.ozaGZ9&id=524731779454&rn=4579a4bae2974ab926884b8ea8bf2720&abbucket=19&skuId=3202441598340
Mon, 12 Jun 2017 17:16:57 price_crawling_v1.py[line:47] ERROR 下载该页面失败,错误详情:
Mon, 12 Jun 2017 17:16:57 price_crawling_v1.py[line:48] ERROR Message: no such element: Unable to locate element: {"method":"css selector","selector":".tm-promo-price .tm-price"}
  (Session info: chrome=59.0.3071.86)
  (Driver info: chromedriver=2.30.477690 (c53f4ad87510ee97b5c3425a14c0e79780cdf262),platform=Mac OS X 10.12.4 x86_64)

Mon, 12 Jun 2017 17:16:57 price_crawling_v1.py[line:27] INFO 站点: 京东 执行抓取: https://item.jd.com/2011979.html#crumb-wrap
Mon, 12 Jun 2017 17:16:59 price_crawling_v1.py[line:44] INFO 京东价格: 459.00
Mon, 12 Jun 2017 17:16:59 price_crawling_v1.py[line:27] INFO 站点: 天猫 执行抓取: https://detail.tmall.com/item.htm?spm=a1z10.3-b-s.w4011-14537059442.55.KM5Czm&id=545635785617&rn=880bfdd53459bfb77e0cfb94eedfb53c&abbucket=19&skuId=3457268762526
Mon, 12 Jun 2017 17:17:01 price_crawling_v1.py[line:47] ERROR 下载该页面失败,错误详情:
Mon, 12 Jun 2017 17:17:01 price_crawling_v1.py[line:48] ERROR Message: no such element: Unable to locate element: {"method":"css selector","selector":".tm-promo-price .tm-price"}
  (Session info: chrome=59.0.3071.86)
  (Driver info: chromedriver=2.30.477690 (c53f4ad87510ee97b5c3425a14c0e79780cdf262),platform=Mac OS X 10.12.4 x86_64)

Mon, 12 Jun 2017 17:17:01 price_crawling_v1.py[line:27] INFO 站点: 京东 执行抓取: https://item.jd.com/4167780.html
Mon, 12 Jun 2017 17:17:03 price_crawling_v1.py[line:44] INFO 京东价格: 829.00
Mon, 12 Jun 2017 17:17:03 price_crawling_v1.py[line:27] INFO 站点: 天猫 执行抓取: https://detail.tmall.com/item.htm?spm=a1z10.5-b-s.w4011-14537059439.109.ozaGZ9&id=544084297162&rn=4579a4bae2974ab926884b8ea8bf2720&abbucket=19&skuId=3276718760770
Mon, 12 Jun 2017 17:17:05 price_crawling_v1.py[line:47] ERROR 下载该页面失败,错误详情:
Mon, 12 Jun 2017 17:17:05 price_crawling_v1.py[line:48] ERROR Message: no such element: Unable to locate element: {"method":"css selector","selector":".tm-promo-price .tm-price"}
  (Session info: chrome=59.0.3071.86)
  (Driver info: chromedriver=2.30.477690 (c53f4ad87510ee97b5c3425a14c0e79780cdf262),platform=Mac OS X 10.12.4 x86_64)

Mon, 12 Jun 2017 17:17:05 price_crawling_v1.py[line:27] INFO 站点: 京东 执行抓取: https://item.jd.com/3701943.html#crumb-wrap
Mon, 12 Jun 2017 17:17:06 price_crawling_v1.py[line:44] INFO 京东价格: 1479.00
Mon, 12 Jun 2017 17:17:06 price_crawling_v1.py[line:27] INFO 站点: 天猫 执行抓取: https://detail.tmall.com/item.htm?spm=a1z10.5-b-s.w4011-14537059439.115.ozaGZ9&id=544115487536&rn=4579a4bae2974ab926884b8ea8bf2720&abbucket=19&skuId=3276935441156
Mon, 12 Jun 2017 17:17:09 price_crawling_v1.py[line:47] ERROR 下载该页面失败,错误详情:
Mon, 12 Jun 2017 17:17:09 price_crawling_v1.py[line:48] ERROR Message: no such element: Unable to locate element: {"method":"css selector","selector":".tm-promo-price .tm-price"}
  (Session info: chrome=59.0.3071.86)
  (Driver info: chromedriver=2.30.477690 (c53f4ad87510ee97b5c3425a14c0e79780cdf262),platform=Mac OS X 10.12.4 x86_64)

Mon, 12 Jun 2017 17:17:09 price_crawling_v1.py[line:27] INFO 站点: 京东 执行抓取: https://item.jd.com/3701897.html#crumb-wrap
Mon, 12 Jun 2017 17:17:10 price_crawling_v1.py[line:44] INFO 京东价格: 1699.00
Mon, 12 Jun 2017 17:17:10 price_crawling_v1.py[line:27] INFO 站点: 天猫 执行抓取: https://detail.tmall.com/item.htm?spm=a1z10.5-b-s.w4011-14537059439.124.ozaGZ9&id=544115067316&rn=4579a4bae2974ab926884b8ea8bf2720&abbucket=19&skuId=3440954403634
Mon, 12 Jun 2017 17:17:12 price_crawling_v1.py[line:47] ERROR 下载该页面失败,错误详情:
Mon, 12 Jun 2017 17:17:12 price_crawling_v1.py[line:48] ERROR Message: no such element: Unable to locate element: {"method":"css selector","selector":".tm-promo-price .tm-price"}
  (Session info: chrome=59.0.3071.86)
  (Driver info: chromedriver=2.30.477690 (c53f4ad87510ee97b5c3425a14c0e79780cdf262),platform=Mac OS X 10.12.4 x86_64)

Mon, 12 Jun 2017 17:17:12 price_crawling_v1.py[line:27] INFO 站点: 京东 执行抓取: https://item.jd.com/4132930.html#crumb-wrap
Mon, 12 Jun 2017 17:17:13 price_crawling_v1.py[line:44] INFO 京东价格: 2349.00
Mon, 12 Jun 2017 17:17:13 price_crawling_v1.py[line:27] INFO 站点: 天猫 执行抓取: https://detail.tmall.com/item.htm?spm=a1z10.5-b-s.w4011-14537059439.133.ozaGZ9&id=544108459566&rn=4579a4bae2974ab926884b8ea8bf2720&abbucket=19&skuId=3440888859309
Mon, 12 Jun 2017 17:17:15 price_crawling_v1.py[line:47] ERROR 下载该页面失败,错误详情:
Mon, 12 Jun 2017 17:17:15 price_crawling_v1.py[line:48] ERROR Message: no such element: Unable to locate element: {"method":"css selector","selector":".tm-promo-price .tm-price"}
  (Session info: chrome=59.0.3071.86)
  (Driver info: chromedriver=2.30.477690 (c53f4ad87510ee97b5c3425a14c0e79780cdf262),platform=Mac OS X 10.12.4 x86_64)

Mon, 12 Jun 2017 17:17:15 price_crawling_v1.py[line:27] INFO 站点: 京东 执行抓取: https://item.jd.com/4132882.html#crumb-wrap
Mon, 12 Jun 2017 17:17:16 price_crawling_v1.py[line:44] INFO 京东价格: 2649.00
Mon, 12 Jun 2017 17:17:17 price_crawling_v1.py[line:115] INFO 成功抓到天猫的价格个数: 0 成功抓到京东的价格个数: 6
Mon, 12 Jun 2017 17:17:17 price_crawling_v1.py[line:117] INFO 程序执行完毕...
Mon, 12 Jun 2017 17:17:48 price_crawling_v1.py[line:75] INFO 从数据库读取出6条数据, 共计抓取12条url...
Mon, 12 Jun 2017 17:17:48 price_crawling_v1.py[line:27] INFO 站点: 天猫 执行抓取: https://detail.tmall.com/item.htm?spm=a1z10.5-b-s.w4011-14537059439.82.ozaGZ9&id=524731779454&rn=4579a4bae2974ab926884b8ea8bf2720&abbucket=19&skuId=3202441598340
Mon, 12 Jun 2017 17:17:50 price_crawling_v1.py[line:47] ERROR 下载该页面失败,错误详情:
Mon, 12 Jun 2017 17:17:50 price_crawling_v1.py[line:48] ERROR Message: no such element: Unable to locate element: {"method":"css selector","selector":".tm-promo-price .tm-price"}
  (Session info: chrome=59.0.3071.86)
  (Driver info: chromedriver=2.30.477690 (c53f4ad87510ee97b5c3425a14c0e79780cdf262),platform=Mac OS X 10.12.4 x86_64)

Mon, 12 Jun 2017 17:17:50 price_crawling_v1.py[line:27] INFO 站点: 京东 执行抓取: https://item.jd.com/2011979.html#crumb-wrap
Mon, 12 Jun 2017 17:17:52 price_crawling_v1.py[line:44] INFO 京东价格: 459.00
Mon, 12 Jun 2017 17:17:52 price_crawling_v1.py[line:104] INFO update cpu set tmallprice3=%s, jingdongprice4=%s where id=%s
Mon, 12 Jun 2017 17:17:52 price_crawling_v1.py[line:105] INFO (None, u'459.00', 1L)
Mon, 12 Jun 2017 17:17:52 price_crawling_v1.py[line:27] INFO 站点: 天猫 执行抓取: https://detail.tmall.com/item.htm?spm=a1z10.3-b-s.w4011-14537059442.55.KM5Czm&id=545635785617&rn=880bfdd53459bfb77e0cfb94eedfb53c&abbucket=19&skuId=3457268762526
Mon, 12 Jun 2017 17:17:54 price_crawling_v1.py[line:47] ERROR 下载该页面失败,错误详情:
Mon, 12 Jun 2017 17:17:54 price_crawling_v1.py[line:48] ERROR Message: no such element: Unable to locate element: {"method":"css selector","selector":".tm-promo-price .tm-price"}
  (Session info: chrome=59.0.3071.86)
  (Driver info: chromedriver=2.30.477690 (c53f4ad87510ee97b5c3425a14c0e79780cdf262),platform=Mac OS X 10.12.4 x86_64)

Mon, 12 Jun 2017 17:17:54 price_crawling_v1.py[line:27] INFO 站点: 京东 执行抓取: https://item.jd.com/4167780.html
Mon, 12 Jun 2017 17:17:56 price_crawling_v1.py[line:44] INFO 京东价格: 829.00
Mon, 12 Jun 2017 17:17:56 price_crawling_v1.py[line:104] INFO update cpu set tmallprice3=%s, jingdongprice4=%s where id=%s
Mon, 12 Jun 2017 17:17:56 price_crawling_v1.py[line:105] INFO (None, u'829.00', 2L)
Mon, 12 Jun 2017 17:17:56 price_crawling_v1.py[line:27] INFO 站点: 天猫 执行抓取: https://detail.tmall.com/item.htm?spm=a1z10.5-b-s.w4011-14537059439.109.ozaGZ9&id=544084297162&rn=4579a4bae2974ab926884b8ea8bf2720&abbucket=19&skuId=3276718760770
Mon, 12 Jun 2017 17:17:58 price_crawling_v1.py[line:47] ERROR 下载该页面失败,错误详情:
Mon, 12 Jun 2017 17:17:58 price_crawling_v1.py[line:48] ERROR Message: no such element: Unable to locate element: {"method":"css selector","selector":".tm-promo-price .tm-price"}
  (Session info: chrome=59.0.3071.86)
  (Driver info: chromedriver=2.30.477690 (c53f4ad87510ee97b5c3425a14c0e79780cdf262),platform=Mac OS X 10.12.4 x86_64)

Mon, 12 Jun 2017 17:17:58 price_crawling_v1.py[line:27] INFO 站点: 京东 执行抓取: https://item.jd.com/3701943.html#crumb-wrap
Mon, 12 Jun 2017 17:17:59 price_crawling_v1.py[line:44] INFO 京东价格: 1479.00
Mon, 12 Jun 2017 17:17:59 price_crawling_v1.py[line:104] INFO update cpu set tmallprice3=%s, jingdongprice4=%s where id=%s
Mon, 12 Jun 2017 17:17:59 price_crawling_v1.py[line:105] INFO (None, u'1479.00', 3L)
Mon, 12 Jun 2017 17:17:59 price_crawling_v1.py[line:27] INFO 站点: 天猫 执行抓取: https://detail.tmall.com/item.htm?spm=a1z10.5-b-s.w4011-14537059439.115.ozaGZ9&id=544115487536&rn=4579a4bae2974ab926884b8ea8bf2720&abbucket=19&skuId=3276935441156
Mon, 12 Jun 2017 17:18:02 price_crawling_v1.py[line:47] ERROR 下载该页面失败,错误详情:
Mon, 12 Jun 2017 17:18:02 price_crawling_v1.py[line:48] ERROR Message: no such element: Unable to locate element: {"method":"css selector","selector":".tm-promo-price .tm-price"}
  (Session info: chrome=59.0.3071.86)
  (Driver info: chromedriver=2.30.477690 (c53f4ad87510ee97b5c3425a14c0e79780cdf262),platform=Mac OS X 10.12.4 x86_64)

Mon, 12 Jun 2017 17:18:02 price_crawling_v1.py[line:27] INFO 站点: 京东 执行抓取: https://item.jd.com/3701897.html#crumb-wrap
Mon, 12 Jun 2017 17:18:04 price_crawling_v1.py[line:44] INFO 京东价格: 1699.00
Mon, 12 Jun 2017 17:18:04 price_crawling_v1.py[line:104] INFO update cpu set tmallprice3=%s, jingdongprice4=%s where id=%s
Mon, 12 Jun 2017 17:18:04 price_crawling_v1.py[line:105] INFO (None, u'1699.00', 4L)
Mon, 12 Jun 2017 17:18:04 price_crawling_v1.py[line:27] INFO 站点: 天猫 执行抓取: https://detail.tmall.com/item.htm?spm=a1z10.5-b-s.w4011-14537059439.124.ozaGZ9&id=544115067316&rn=4579a4bae2974ab926884b8ea8bf2720&abbucket=19&skuId=3440954403634
Mon, 12 Jun 2017 17:18:06 price_crawling_v1.py[line:47] ERROR 下载该页面失败,错误详情:
Mon, 12 Jun 2017 17:18:06 price_crawling_v1.py[line:48] ERROR Message: no such element: Unable to locate element: {"method":"css selector","selector":".tm-promo-price .tm-price"}
  (Session info: chrome=59.0.3071.86)
  (Driver info: chromedriver=2.30.477690 (c53f4ad87510ee97b5c3425a14c0e79780cdf262),platform=Mac OS X 10.12.4 x86_64)

Mon, 12 Jun 2017 17:18:06 price_crawling_v1.py[line:27] INFO 站点: 京东 执行抓取: https://item.jd.com/4132930.html#crumb-wrap
Mon, 12 Jun 2017 17:18:08 price_crawling_v1.py[line:44] INFO 京东价格: 2349.00
Mon, 12 Jun 2017 17:18:08 price_crawling_v1.py[line:104] INFO update cpu set tmallprice3=%s, jingdongprice4=%s where id=%s
Mon, 12 Jun 2017 17:18:08 price_crawling_v1.py[line:105] INFO (None, u'2349.00', 5L)
Mon, 12 Jun 2017 17:18:08 price_crawling_v1.py[line:27] INFO 站点: 天猫 执行抓取: https://detail.tmall.com/item.htm?spm=a1z10.5-b-s.w4011-14537059439.133.ozaGZ9&id=544108459566&rn=4579a4bae2974ab926884b8ea8bf2720&abbucket=19&skuId=3440888859309
Mon, 12 Jun 2017 17:18:11 price_crawling_v1.py[line:47] ERROR 下载该页面失败,错误详情:
Mon, 12 Jun 2017 17:18:11 price_crawling_v1.py[line:48] ERROR Message: no such element: Unable to locate element: {"method":"css selector","selector":".tm-promo-price .tm-price"}
  (Session info: chrome=59.0.3071.86)
  (Driver info: chromedriver=2.30.477690 (c53f4ad87510ee97b5c3425a14c0e79780cdf262),platform=Mac OS X 10.12.4 x86_64)

Mon, 12 Jun 2017 17:18:11 price_crawling_v1.py[line:27] INFO 站点: 京东 执行抓取: https://item.jd.com/4132882.html#crumb-wrap
Mon, 12 Jun 2017 17:18:12 price_crawling_v1.py[line:44] INFO 京东价格: 2649.00
Mon, 12 Jun 2017 17:18:12 price_crawling_v1.py[line:104] INFO update cpu set tmallprice3=%s, jingdongprice4=%s where id=%s
Mon, 12 Jun 2017 17:18:12 price_crawling_v1.py[line:105] INFO (None, u'2649.00', 6L)
Mon, 12 Jun 2017 17:18:12 price_crawling_v1.py[line:115] INFO 成功抓到天猫的价格个数: 0 成功抓到京东的价格个数: 6
Mon, 12 Jun 2017 17:18:12 price_crawling_v1.py[line:117] INFO 程序执行完毕...
Mon, 2017-06-12 17:26:43 price_crawling_v1.py[line:78] [INFO] 从数据库读取出6条数据, 共计抓取12条url...
Mon, 2017-06-12 17:26:43 price_crawling_v1.py[line:27] [INFO] 站点: 天猫 执行抓取: https://detail.tmall.com/item.htm?spm=a1z10.5-b-s.w4011-14537059439.82.ozaGZ9&id=524731779454&rn=4579a4bae2974ab926884b8ea8bf2720&abbucket=19&skuId=3202441598340
Mon, 2017-06-12 17:26:45 price_crawling_v1.py[line:47] [ERROR] 下载该页面失败,错误详情:
Mon, 2017-06-12 17:26:45 price_crawling_v1.py[line:48] [ERROR] Message: no such element: Unable to locate element: {"method":"css selector","selector":".tm-promo-price .tm-price"}
  (Session info: chrome=59.0.3071.86)
  (Driver info: chromedriver=2.30.477690 (c53f4ad87510ee97b5c3425a14c0e79780cdf262),platform=Mac OS X 10.12.4 x86_64)

Mon, 2017-06-12 17:26:45 price_crawling_v1.py[line:27] [INFO] 站点: 京东 执行抓取: https://item.jd.com/2011979.html#crumb-wrap
Mon, 2017-06-12 17:26:47 price_crawling_v1.py[line:44] [INFO] 京东价格: 459.00
Mon, 2017-06-12 17:26:47 price_crawling_v1.py[line:107] [INFO] update cpu set tmallprice3=%s, jingdongprice4=%s where id=%s
Mon, 2017-06-12 17:26:47 price_crawling_v1.py[line:108] [INFO] (None, u'459.00', 1L)
Mon, 2017-06-12 17:26:47 price_crawling_v1.py[line:27] [INFO] 站点: 天猫 执行抓取: https://detail.tmall.com/item.htm?spm=a1z10.3-b-s.w4011-14537059442.55.KM5Czm&id=545635785617&rn=880bfdd53459bfb77e0cfb94eedfb53c&abbucket=19&skuId=3457268762526
Mon, 2017-06-12 17:26:48 price_crawling_v1.py[line:38] [INFO] 天猫价格: 829.00
Mon, 2017-06-12 17:26:48 price_crawling_v1.py[line:27] [INFO] 站点: 京东 执行抓取: https://item.jd.com/4167780.html
Mon, 2017-06-12 17:27:06 price_crawling_v1.py[line:44] [INFO] 京东价格: 829.00
Mon, 2017-06-12 17:27:06 price_crawling_v1.py[line:107] [INFO] update cpu set tmallprice3=%s, jingdongprice4=%s where id=%s
Mon, 2017-06-12 17:27:06 price_crawling_v1.py[line:108] [INFO] (u'829.00', u'829.00', 2L)
Mon, 2017-06-12 17:27:06 price_crawling_v1.py[line:27] [INFO] 站点: 天猫 执行抓取: https://detail.tmall.com/item.htm?spm=a1z10.5-b-s.w4011-14537059439.109.ozaGZ9&id=544084297162&rn=4579a4bae2974ab926884b8ea8bf2720&abbucket=19&skuId=3276718760770
Mon, 2017-06-12 17:27:07 price_crawling_v1.py[line:38] [INFO] 天猫价格: 1479.00
Mon, 2017-06-12 17:27:07 price_crawling_v1.py[line:27] [INFO] 站点: 京东 执行抓取: https://item.jd.com/3701943.html#crumb-wrap
Mon, 2017-06-12 17:27:09 price_crawling_v1.py[line:44] [INFO] 京东价格: 1479.00
Mon, 2017-06-12 17:27:09 price_crawling_v1.py[line:107] [INFO] update cpu set tmallprice3=%s, jingdongprice4=%s where id=%s
Mon, 2017-06-12 17:27:09 price_crawling_v1.py[line:108] [INFO] (u'1479.00', u'1479.00', 3L)
Mon, 2017-06-12 17:27:09 price_crawling_v1.py[line:27] [INFO] 站点: 天猫 执行抓取: https://detail.tmall.com/item.htm?spm=a1z10.5-b-s.w4011-14537059439.115.ozaGZ9&id=544115487536&rn=4579a4bae2974ab926884b8ea8bf2720&abbucket=19&skuId=3276935441156
Mon, 2017-06-12 17:27:10 price_crawling_v1.py[line:38] [INFO] 天猫价格: 1749.00
Mon, 2017-06-12 17:27:10 price_crawling_v1.py[line:27] [INFO] 站点: 京东 执行抓取: https://item.jd.com/3701897.html#crumb-wrap
Mon, 2017-06-12 17:27:11 price_crawling_v1.py[line:44] [INFO] 京东价格: 1699.00
Mon, 2017-06-12 17:27:11 price_crawling_v1.py[line:107] [INFO] update cpu set tmallprice3=%s, jingdongprice4=%s where id=%s
Mon, 2017-06-12 17:27:11 price_crawling_v1.py[line:108] [INFO] (u'1749.00', u'1699.00', 4L)
Mon, 2017-06-12 17:27:11 price_crawling_v1.py[line:27] [INFO] 站点: 天猫 执行抓取: https://detail.tmall.com/item.htm?spm=a1z10.5-b-s.w4011-14537059439.124.ozaGZ9&id=544115067316&rn=4579a4bae2974ab926884b8ea8bf2720&abbucket=19&skuId=3440954403634
Mon, 2017-06-12 17:27:12 price_crawling_v1.py[line:38] [INFO] 天猫价格: 2349.00
Mon, 2017-06-12 17:27:12 price_crawling_v1.py[line:27] [INFO] 站点: 京东 执行抓取: https://item.jd.com/4132930.html#crumb-wrap
Mon, 2017-06-12 17:27:14 price_crawling_v1.py[line:44] [INFO] 京东价格: 2349.00
Mon, 2017-06-12 17:27:14 price_crawling_v1.py[line:107] [INFO] update cpu set tmallprice3=%s, jingdongprice4=%s where id=%s
Mon, 2017-06-12 17:27:14 price_crawling_v1.py[line:108] [INFO] (u'2349.00', u'2349.00', 5L)
Mon, 2017-06-12 17:27:14 price_crawling_v1.py[line:27] [INFO] 站点: 天猫 执行抓取: https://detail.tmall.com/item.htm?spm=a1z10.5-b-s.w4011-14537059439.133.ozaGZ9&id=544108459566&rn=4579a4bae2974ab926884b8ea8bf2720&abbucket=19&skuId=3440888859309
Mon, 2017-06-12 17:27:15 price_crawling_v1.py[line:38] [INFO] 天猫价格: 2649.00
Mon, 2017-06-12 17:27:15 price_crawling_v1.py[line:27] [INFO] 站点: 京东 执行抓取: https://item.jd.com/4132882.html#crumb-wrap
Mon, 2017-06-12 17:27:16 price_crawling_v1.py[line:44] [INFO] 京东价格: 2649.00
Mon, 2017-06-12 17:27:16 price_crawling_v1.py[line:107] [INFO] update cpu set tmallprice3=%s, jingdongprice4=%s where id=%s
Mon, 2017-06-12 17:27:16 price_crawling_v1.py[line:108] [INFO] (u'2649.00', u'2649.00', 6L)
Mon, 2017-06-12 17:27:16 price_crawling_v1.py[line:118] [INFO] 成功抓到天猫的价格个数: 5 成功抓到京东的价格个数: 6
Mon, 2017-06-12 17:27:16 price_crawling_v1.py[line:120] [INFO] 程序执行完毕...
Mon, 2017-06-12 17:35:27 price_crawling_v1.py[line:88] [INFO] 从数据库读取出6条数据, 共计抓取12条url...
Mon, 2017-06-12 17:35:44 price_crawling_v1.py[line:37] [INFO] 站点: 天猫 执行抓取: https://detail.tmall.com/item.htm?spm=a1z10.5-b-s.w4011-14537059439.82.ozaGZ9&id=524731779454&rn=4579a4bae2974ab926884b8ea8bf2720&abbucket=19&skuId=3202441598340
Mon, 2017-06-12 17:35:46 price_crawling_v1.py[line:57] [ERROR] 下载该页面失败,错误详情:
Mon, 2017-06-12 17:35:46 price_crawling_v1.py[line:58] [ERROR] Message: no such element: Unable to locate element: {"method":"css selector","selector":".tm-promo-price .tm-price"}
  (Session info: chrome=59.0.3071.86)
  (Driver info: chromedriver=2.30.477690 (c53f4ad87510ee97b5c3425a14c0e79780cdf262),platform=Mac OS X 10.12.4 x86_64)

Mon, 2017-06-12 17:36:01 price_crawling_v1.py[line:37] [INFO] 站点: 京东 执行抓取: https://item.jd.com/2011979.html#crumb-wrap
Mon, 2017-06-12 17:36:04 price_crawling_v1.py[line:54] [INFO] 京东价格: 459.00
Mon, 2017-06-12 17:36:04 price_crawling_v1.py[line:117] [INFO] update cpu set tmallprice3=%s, jingdongprice4=%s where id=%s
Mon, 2017-06-12 17:36:04 price_crawling_v1.py[line:118] [INFO] (None, u'459.00', 1L)
Mon, 2017-06-12 17:36:15 price_crawling_v1.py[line:37] [INFO] 站点: 天猫 执行抓取: https://detail.tmall.com/item.htm?spm=a1z10.3-b-s.w4011-14537059442.55.KM5Czm&id=545635785617&rn=880bfdd53459bfb77e0cfb94eedfb53c&abbucket=19&skuId=3457268762526
Mon, 2017-06-12 17:36:16 price_crawling_v1.py[line:48] [INFO] 天猫价格: 829.00
Mon, 2017-06-12 17:36:30 price_crawling_v1.py[line:37] [INFO] 站点: 京东 执行抓取: https://item.jd.com/4167780.html
Mon, 2017-06-12 17:36:32 price_crawling_v1.py[line:54] [INFO] 京东价格: 829.00
Mon, 2017-06-12 17:36:32 price_crawling_v1.py[line:117] [INFO] update cpu set tmallprice3=%s, jingdongprice4=%s where id=%s
Mon, 2017-06-12 17:36:32 price_crawling_v1.py[line:118] [INFO] (u'829.00', u'829.00', 2L)
Mon, 2017-06-12 17:36:51 price_crawling_v1.py[line:37] [INFO] 站点: 天猫 执行抓取: https://detail.tmall.com/item.htm?spm=a1z10.5-b-s.w4011-14537059439.109.ozaGZ9&id=544084297162&rn=4579a4bae2974ab926884b8ea8bf2720&abbucket=19&skuId=3276718760770
Mon, 2017-06-12 17:36:53 price_crawling_v1.py[line:48] [INFO] 天猫价格: 1479.00
Mon, 2017-06-12 17:37:05 price_crawling_v1.py[line:37] [INFO] 站点: 京东 执行抓取: https://item.jd.com/3701943.html#crumb-wrap
Mon, 2017-06-12 17:37:06 price_crawling_v1.py[line:54] [INFO] 京东价格: 1479.00
Mon, 2017-06-12 17:37:06 price_crawling_v1.py[line:117] [INFO] update cpu set tmallprice3=%s, jingdongprice4=%s where id=%s
Mon, 2017-06-12 17:37:06 price_crawling_v1.py[line:118] [INFO] (u'1479.00', u'1479.00', 3L)
Mon, 2017-06-12 17:37:23 price_crawling_v1.py[line:37] [INFO] 站点: 天猫 执行抓取: https://detail.tmall.com/item.htm?spm=a1z10.5-b-s.w4011-14537059439.115.ozaGZ9&id=544115487536&rn=4579a4bae2974ab926884b8ea8bf2720&abbucket=19&skuId=3276935441156
Mon, 2017-06-12 17:37:24 price_crawling_v1.py[line:48] [INFO] 天猫价格: 1749.00
Mon, 2017-06-12 17:37:42 price_crawling_v1.py[line:37] [INFO] 站点: 京东 执行抓取: https://item.jd.com/3701897.html#crumb-wrap
Mon, 2017-06-12 17:37:43 price_crawling_v1.py[line:54] [INFO] 京东价格: 1699.00
Mon, 2017-06-12 17:37:43 price_crawling_v1.py[line:117] [INFO] update cpu set tmallprice3=%s, jingdongprice4=%s where id=%s
Mon, 2017-06-12 17:37:43 price_crawling_v1.py[line:118] [INFO] (u'1749.00', u'1699.00', 4L)
Mon, 2017-06-12 17:38:00 price_crawling_v1.py[line:37] [INFO] 站点: 天猫 执行抓取: https://detail.tmall.com/item.htm?spm=a1z10.5-b-s.w4011-14537059439.124.ozaGZ9&id=544115067316&rn=4579a4bae2974ab926884b8ea8bf2720&abbucket=19&skuId=3440954403634
Mon, 2017-06-12 17:38:01 price_crawling_v1.py[line:48] [INFO] 天猫价格: 2349.00
Mon, 2017-06-12 17:38:18 price_crawling_v1.py[line:37] [INFO] 站点: 京东 执行抓取: https://item.jd.com/4132930.html#crumb-wrap
Mon, 2017-06-12 17:38:19 price_crawling_v1.py[line:54] [INFO] 京东价格: 2349.00
Mon, 2017-06-12 17:38:19 price_crawling_v1.py[line:117] [INFO] update cpu set tmallprice3=%s, jingdongprice4=%s where id=%s
Mon, 2017-06-12 17:38:19 price_crawling_v1.py[line:118] [INFO] (u'2349.00', u'2349.00', 5L)
Mon, 2017-06-12 17:38:39 price_crawling_v1.py[line:37] [INFO] 站点: 天猫 执行抓取: https://detail.tmall.com/item.htm?spm=a1z10.5-b-s.w4011-14537059439.133.ozaGZ9&id=544108459566&rn=4579a4bae2974ab926884b8ea8bf2720&abbucket=19&skuId=3440888859309
Mon, 2017-06-12 17:38:40 price_crawling_v1.py[line:48] [INFO] 天猫价格: 2649.00
Mon, 2017-06-12 17:38:56 price_crawling_v1.py[line:37] [INFO] 站点: 京东 执行抓取: https://item.jd.com/4132882.html#crumb-wrap
Mon, 2017-06-12 17:38:57 price_crawling_v1.py[line:54] [INFO] 京东价格: 2649.00
Mon, 2017-06-12 17:38:57 price_crawling_v1.py[line:117] [INFO] update cpu set tmallprice3=%s, jingdongprice4=%s where id=%s
Mon, 2017-06-12 17:38:57 price_crawling_v1.py[line:118] [INFO] (u'2649.00', u'2649.00', 6L)
Mon, 2017-06-12 17:38:57 price_crawling_v1.py[line:128] [INFO] 成功抓到天猫的价格个数: 5 成功抓到京东的价格个数: 6
Mon, 2017-06-12 17:38:57 price_crawling_v1.py[line:130] [INFO] 程序执行完毕...
Mon, 2017-06-12 17:46:34 price_crawling_v1.py[line:77] [INFO] 初始化数据库连接...
Mon, 2017-06-12 17:47:21 price_crawling_v1.py[line:77] [INFO] 初始化数据库连接...
Mon, 2017-06-12 17:47:21 price_crawling_v1.py[line:96] [INFO] 从数据库读取出6条数据, 共计抓取12条url...
Mon, 2017-06-12 17:47:32 price_crawling_v1.py[line:42] [INFO] 站点: 天猫 执行抓取: https://detail.tmall.com/item.htm?spm=a1z10.5-b-s.w4011-14537059439.82.ozaGZ9&id=524731779454&rn=4579a4bae2974ab926884b8ea8bf2720&abbucket=19&skuId=3202441598340
Mon, 2017-06-12 17:47:35 price_crawling_v1.py[line:62] [ERROR] 下载该页面失败,错误详情:
Mon, 2017-06-12 17:47:35 price_crawling_v1.py[line:63] [ERROR] Message: no such element: Unable to locate element: {"method":"css selector","selector":".tm-promo-price .tm-price"}
  (Session info: chrome=59.0.3071.86)
  (Driver info: chromedriver=2.30.477690 (c53f4ad87510ee97b5c3425a14c0e79780cdf262),platform=Mac OS X 10.12.4 x86_64)

Mon, 2017-06-12 17:47:52 price_crawling_v1.py[line:42] [INFO] 站点: 京东 执行抓取: https://item.jd.com/2011979.html#crumb-wrap
Mon, 2017-06-12 17:47:54 price_crawling_v1.py[line:59] [INFO] 京东价格: 459.00
Mon, 2017-06-12 17:47:54 price_crawling_v1.py[line:125] [INFO] update cpu set tmallprice3=%s, jingdongprice4=%s where id=%s
Mon, 2017-06-12 17:47:54 price_crawling_v1.py[line:126] [INFO] (None, u'459.00', 1L)
Mon, 2017-06-12 17:48:09 price_crawling_v1.py[line:42] [INFO] 站点: 天猫 执行抓取: https://detail.tmall.com/item.htm?spm=a1z10.3-b-s.w4011-14537059442.55.KM5Czm&id=545635785617&rn=880bfdd53459bfb77e0cfb94eedfb53c&abbucket=19&skuId=3457268762526
Mon, 2017-06-12 17:48:11 price_crawling_v1.py[line:53] [INFO] 天猫价格: 829.00
Mon, 2017-06-12 17:48:27 price_crawling_v1.py[line:42] [INFO] 站点: 京东 执行抓取: https://item.jd.com/4167780.html
Mon, 2017-06-12 17:48:29 price_crawling_v1.py[line:59] [INFO] 京东价格: 829.00
Mon, 2017-06-12 17:48:29 price_crawling_v1.py[line:125] [INFO] update cpu set tmallprice3=%s, jingdongprice4=%s where id=%s
Mon, 2017-06-12 17:48:29 price_crawling_v1.py[line:126] [INFO] (u'829.00', u'829.00', 2L)
Mon, 2017-06-12 17:48:43 price_crawling_v1.py[line:42] [INFO] 站点: 天猫 执行抓取: https://detail.tmall.com/item.htm?spm=a1z10.5-b-s.w4011-14537059439.109.ozaGZ9&id=544084297162&rn=4579a4bae2974ab926884b8ea8bf2720&abbucket=19&skuId=3276718760770
Mon, 2017-06-12 17:48:44 price_crawling_v1.py[line:53] [INFO] 天猫价格: 1479.00
Mon, 2017-06-12 17:49:02 price_crawling_v1.py[line:42] [INFO] 站点: 京东 执行抓取: https://item.jd.com/3701943.html#crumb-wrap
Mon, 2017-06-12 17:49:03 price_crawling_v1.py[line:59] [INFO] 京东价格: 1479.00
Mon, 2017-06-12 17:49:03 price_crawling_v1.py[line:125] [INFO] update cpu set tmallprice3=%s, jingdongprice4=%s where id=%s
Mon, 2017-06-12 17:49:03 price_crawling_v1.py[line:126] [INFO] (u'1479.00', u'1479.00', 3L)
Mon, 2017-06-12 17:49:15 price_crawling_v1.py[line:42] [INFO] 站点: 天猫 执行抓取: https://detail.tmall.com/item.htm?spm=a1z10.5-b-s.w4011-14537059439.115.ozaGZ9&id=544115487536&rn=4579a4bae2974ab926884b8ea8bf2720&abbucket=19&skuId=3276935441156
Mon, 2017-06-12 17:49:16 price_crawling_v1.py[line:53] [INFO] 天猫价格: 1749.00
Mon, 2017-06-12 17:49:36 price_crawling_v1.py[line:42] [INFO] 站点: 京东 执行抓取: https://item.jd.com/3701897.html#crumb-wrap
Mon, 2017-06-12 17:49:37 price_crawling_v1.py[line:59] [INFO] 京东价格: 1699.00
Mon, 2017-06-12 17:49:37 price_crawling_v1.py[line:125] [INFO] update cpu set tmallprice3=%s, jingdongprice4=%s where id=%s
Mon, 2017-06-12 17:49:37 price_crawling_v1.py[line:126] [INFO] (u'1749.00', u'1699.00', 4L)
Mon, 2017-06-12 17:49:56 price_crawling_v1.py[line:42] [INFO] 站点: 天猫 执行抓取: https://detail.tmall.com/item.htm?spm=a1z10.5-b-s.w4011-14537059439.124.ozaGZ9&id=544115067316&rn=4579a4bae2974ab926884b8ea8bf2720&abbucket=19&skuId=3440954403634
Mon, 2017-06-12 17:49:58 price_crawling_v1.py[line:53] [INFO] 天猫价格: 2349.00
Mon, 2017-06-12 17:50:13 price_crawling_v1.py[line:42] [INFO] 站点: 京东 执行抓取: https://item.jd.com/4132930.html#crumb-wrap
Mon, 2017-06-12 17:50:14 price_crawling_v1.py[line:59] [INFO] 京东价格: 2349.00
Mon, 2017-06-12 17:50:14 price_crawling_v1.py[line:125] [INFO] update cpu set tmallprice3=%s, jingdongprice4=%s where id=%s
Mon, 2017-06-12 17:50:14 price_crawling_v1.py[line:126] [INFO] (u'2349.00', u'2349.00', 5L)
Mon, 2017-06-12 17:50:33 price_crawling_v1.py[line:42] [INFO] 站点: 天猫 执行抓取: https://detail.tmall.com/item.htm?spm=a1z10.5-b-s.w4011-14537059439.133.ozaGZ9&id=544108459566&rn=4579a4bae2974ab926884b8ea8bf2720&abbucket=19&skuId=3440888859309
Mon, 2017-06-12 17:50:34 price_crawling_v1.py[line:53] [INFO] 天猫价格: 2649.00
Mon, 2017-06-12 17:50:46 price_crawling_v1.py[line:42] [INFO] 站点: 京东 执行抓取: https://item.jd.com/4132882.html#crumb-wrap
Mon, 2017-06-12 17:50:49 price_crawling_v1.py[line:59] [INFO] 京东价格: 2649.00
Mon, 2017-06-12 17:50:49 price_crawling_v1.py[line:125] [INFO] update cpu set tmallprice3=%s, jingdongprice4=%s where id=%s
Mon, 2017-06-12 17:50:49 price_crawling_v1.py[line:126] [INFO] (u'2649.00', u'2649.00', 6L)
Mon, 2017-06-12 17:52:55 price_crawling_v1.py[line:77] [INFO] 初始化数据库连接...
Mon, 2017-06-12 17:52:55 price_crawling_v1.py[line:96] [INFO] 从数据库读取出6条数据, 共计抓取12条url...
Mon, 2017-06-12 17:53:15 price_crawling_v1.py[line:42] [INFO] 站点: 天猫 执行抓取: https://detail.tmall.com/item.htm?spm=a1z10.5-b-s.w4011-14537059439.82.ozaGZ9&id=524731779454&rn=4579a4bae2974ab926884b8ea8bf2720&abbucket=19&skuId=3202441598340
Mon, 2017-06-12 17:53:17 price_crawling_v1.py[line:62] [ERROR] 下载该页面失败,错误详情:
Mon, 2017-06-12 17:53:17 price_crawling_v1.py[line:63] [ERROR] Message: no such element: Unable to locate element: {"method":"css selector","selector":".tm-promo-price .tm-price"}
  (Session info: chrome=59.0.3071.86)
  (Driver info: chromedriver=2.30.477690 (c53f4ad87510ee97b5c3425a14c0e79780cdf262),platform=Mac OS X 10.12.4 x86_64)

Mon, 2017-06-12 17:53:28 price_crawling_v1.py[line:42] [INFO] 站点: 京东 执行抓取: https://item.jd.com/2011979.html#crumb-wrap
Mon, 2017-06-12 17:53:30 price_crawling_v1.py[line:59] [INFO] 京东价格: 459.00
Mon, 2017-06-12 17:53:42 price_crawling_v1.py[line:42] [INFO] 站点: 天猫 执行抓取: https://detail.tmall.com/item.htm?spm=a1z10.3-b-s.w4011-14537059442.55.KM5Czm&id=545635785617&rn=880bfdd53459bfb77e0cfb94eedfb53c&abbucket=19&skuId=3457268762526
Mon, 2017-06-12 17:53:43 price_crawling_v1.py[line:53] [INFO] 天猫价格: 829.00
Mon, 2017-06-12 17:54:00 price_crawling_v1.py[line:42] [INFO] 站点: 京东 执行抓取: https://item.jd.com/4167780.html
Mon, 2017-06-12 17:54:02 price_crawling_v1.py[line:59] [INFO] 京东价格: 829.00
Mon, 2017-06-12 17:54:13 price_crawling_v1.py[line:42] [INFO] 站点: 天猫 执行抓取: https://detail.tmall.com/item.htm?spm=a1z10.5-b-s.w4011-14537059439.109.ozaGZ9&id=544084297162&rn=4579a4bae2974ab926884b8ea8bf2720&abbucket=19&skuId=3276718760770
Mon, 2017-06-12 17:54:14 price_crawling_v1.py[line:53] [INFO] 天猫价格: 1479.00
Mon, 2017-06-12 17:54:31 price_crawling_v1.py[line:42] [INFO] 站点: 京东 执行抓取: https://item.jd.com/3701943.html#crumb-wrap
Mon, 2017-06-12 17:57:36 price_crawling_v1.py[line:59] [INFO] 京东价格: 1479.00
Mon, 2017-06-12 17:57:46 price_crawling_v1.py[line:42] [INFO] 站点: 天猫 执行抓取: https://detail.tmall.com/item.htm?spm=a1z10.5-b-s.w4011-14537059439.115.ozaGZ9&id=544115487536&rn=4579a4bae2974ab926884b8ea8bf2720&abbucket=19&skuId=3276935441156
Mon, 2017-06-12 17:57:47 price_crawling_v1.py[line:53] [INFO] 天猫价格: 1749.00
Mon, 2017-06-12 17:57:59 price_crawling_v1.py[line:42] [INFO] 站点: 京东 执行抓取: https://item.jd.com/3701897.html#crumb-wrap
Mon, 2017-06-12 17:58:00 price_crawling_v1.py[line:59] [INFO] 京东价格: 1699.00
Mon, 2017-06-12 17:58:18 price_crawling_v1.py[line:42] [INFO] 站点: 天猫 执行抓取: https://detail.tmall.com/item.htm?spm=a1z10.5-b-s.w4011-14537059439.124.ozaGZ9&id=544115067316&rn=4579a4bae2974ab926884b8ea8bf2720&abbucket=19&skuId=3440954403634
Mon, 2017-06-12 17:58:19 price_crawling_v1.py[line:53] [INFO] 天猫价格: 2349.00
Mon, 2017-06-12 17:58:33 price_crawling_v1.py[line:42] [INFO] 站点: 京东 执行抓取: https://item.jd.com/4132930.html#crumb-wrap
Mon, 2017-06-12 17:58:35 price_crawling_v1.py[line:59] [INFO] 京东价格: 2349.00
Mon, 2017-06-12 17:58:48 price_crawling_v1.py[line:42] [INFO] 站点: 天猫 执行抓取: https://detail.tmall.com/item.htm?spm=a1z10.5-b-s.w4011-14537059439.133.ozaGZ9&id=544108459566&rn=4579a4bae2974ab926884b8ea8bf2720&abbucket=19&skuId=3440888859309
Mon, 2017-06-12 17:58:50 price_crawling_v1.py[line:53] [INFO] 天猫价格: 2649.00
Mon, 2017-06-12 17:59:09 price_crawling_v1.py[line:42] [INFO] 站点: 京东 执行抓取: https://item.jd.com/4132882.html#crumb-wrap
Mon, 2017-06-12 17:59:10 price_crawling_v1.py[line:59] [INFO] 京东价格: 2649.00
Mon, 2017-06-12 18:00:32 price_crawling_v1.py[line:77] [INFO] 初始化数据库连接...
Mon, 2017-06-12 18:00:32 price_crawling_v1.py[line:96] [INFO] 从数据库读取出6条数据, 共计抓取12条url...
Mon, 2017-06-12 18:00:36 price_crawling_v1.py[line:42] [INFO] 站点: 天猫 执行抓取: https://detail.tmall.com/item.htm?spm=a1z10.5-b-s.w4011-14537059439.82.ozaGZ9&id=524731779454&rn=4579a4bae2974ab926884b8ea8bf2720&abbucket=19&skuId=3202441598340
Mon, 2017-06-12 18:00:38 price_crawling_v1.py[line:62] [ERROR] 下载该页面失败,错误详情:
Mon, 2017-06-12 18:00:38 price_crawling_v1.py[line:63] [ERROR] Message: no such element: Unable to locate element: {"method":"css selector","selector":".tm-promo-price .tm-price"}
  (Session info: chrome=59.0.3071.86)
  (Driver info: chromedriver=2.30.477690 (c53f4ad87510ee97b5c3425a14c0e79780cdf262),platform=Mac OS X 10.12.4 x86_64)

Mon, 2017-06-12 18:00:41 price_crawling_v1.py[line:42] [INFO] 站点: 京东 执行抓取: https://item.jd.com/2011979.html#crumb-wrap
Mon, 2017-06-12 18:00:44 price_crawling_v1.py[line:59] [INFO] 京东价格: 459.00
Mon, 2017-06-12 18:00:49 price_crawling_v1.py[line:42] [INFO] 站点: 天猫 执行抓取: https://detail.tmall.com/item.htm?spm=a1z10.3-b-s.w4011-14537059442.55.KM5Czm&id=545635785617&rn=880bfdd53459bfb77e0cfb94eedfb53c&abbucket=19&skuId=3457268762526
Mon, 2017-06-12 18:00:50 price_crawling_v1.py[line:53] [INFO] 天猫价格: 829.00
Mon, 2017-06-12 18:00:53 price_crawling_v1.py[line:42] [INFO] 站点: 京东 执行抓取: https://item.jd.com/4167780.html
Mon, 2017-06-12 18:00:55 price_crawling_v1.py[line:59] [INFO] 京东价格: 829.00
Mon, 2017-06-12 18:00:58 price_crawling_v1.py[line:42] [INFO] 站点: 天猫 执行抓取: https://detail.tmall.com/item.htm?spm=a1z10.5-b-s.w4011-14537059439.109.ozaGZ9&id=544084297162&rn=4579a4bae2974ab926884b8ea8bf2720&abbucket=19&skuId=3276718760770
Mon, 2017-06-12 18:00:59 price_crawling_v1.py[line:53] [INFO] 天猫价格: 1479.00
Mon, 2017-06-12 18:01:02 price_crawling_v1.py[line:42] [INFO] 站点: 京东 执行抓取: https://item.jd.com/3701943.html#crumb-wrap
Mon, 2017-06-12 18:01:04 price_crawling_v1.py[line:59] [INFO] 京东价格: 1479.00
Mon, 2017-06-12 18:01:06 price_crawling_v1.py[line:42] [INFO] 站点: 天猫 执行抓取: https://detail.tmall.com/item.htm?spm=a1z10.5-b-s.w4011-14537059439.115.ozaGZ9&id=544115487536&rn=4579a4bae2974ab926884b8ea8bf2720&abbucket=19&skuId=3276935441156
Mon, 2017-06-12 18:01:08 price_crawling_v1.py[line:53] [INFO] 天猫价格: 1749.00
Mon, 2017-06-12 18:01:10 price_crawling_v1.py[line:42] [INFO] 站点: 京东 执行抓取: https://item.jd.com/3701897.html#crumb-wrap
Mon, 2017-06-12 18:01:11 price_crawling_v1.py[line:59] [INFO] 京东价格: 1699.00
Mon, 2017-06-12 18:01:14 price_crawling_v1.py[line:42] [INFO] 站点: 天猫 执行抓取: https://detail.tmall.com/item.htm?spm=a1z10.5-b-s.w4011-14537059439.124.ozaGZ9&id=544115067316&rn=4579a4bae2974ab926884b8ea8bf2720&abbucket=19&skuId=3440954403634
Mon, 2017-06-12 18:01:16 price_crawling_v1.py[line:53] [INFO] 天猫价格: 2349.00
Mon, 2017-06-12 18:01:20 price_crawling_v1.py[line:42] [INFO] 站点: 京东 执行抓取: https://item.jd.com/4132930.html#crumb-wrap
Mon, 2017-06-12 18:01:21 price_crawling_v1.py[line:59] [INFO] 京东价格: 2349.00
Mon, 2017-06-12 18:01:24 price_crawling_v1.py[line:42] [INFO] 站点: 天猫 执行抓取: https://detail.tmall.com/item.htm?spm=a1z10.5-b-s.w4011-14537059439.133.ozaGZ9&id=544108459566&rn=4579a4bae2974ab926884b8ea8bf2720&abbucket=19&skuId=3440888859309
Mon, 2017-06-12 18:01:26 price_crawling_v1.py[line:53] [INFO] 天猫价格: 2649.00
Mon, 2017-06-12 18:01:28 price_crawling_v1.py[line:42] [INFO] 站点: 京东 执行抓取: https://item.jd.com/4132882.html#crumb-wrap
Mon, 2017-06-12 18:01:29 price_crawling_v1.py[line:59] [INFO] 京东价格: 2649.00
Mon, 2017-06-12 18:01:30 price_crawling_v1.py[line:134] [INFO] 关闭数据库连接
Mon, 2017-06-12 18:01:30 price_crawling_v1.py[line:137] [INFO] 成功抓到天猫的价格个数: 5 成功抓到京东的价格个数: 6
Mon, 2017-06-12 18:01:30 price_crawling_v1.py[line:139] [INFO] 程序执行完毕...
